{"C:\\Users\\Petr\\dev\\stellar-burgers\\src\\services\\store.ts": {"path":"C:\\Users\\Petr\\dev\\stellar-burgers\\src\\services\\store.ts","all":false,"statementMap":{"0":{"start":{"line":1,"column":0},"end":{"line":1,"column":65}},"1":{"start":{"line":2,"column":0},"end":{"line":2,"column":0}},"2":{"start":{"line":3,"column":0},"end":{"line":3,"column":8}},"3":{"start":{"line":4,"column":0},"end":{"line":4,"column":23}},"4":{"start":{"line":5,"column":0},"end":{"line":5,"column":30}},"5":{"start":{"line":6,"column":0},"end":{"line":6,"column":29}},"6":{"start":{"line":7,"column":0},"end":{"line":7,"column":21}},"7":{"start":{"line":8,"column":0},"end":{"line":8,"column":53}},"8":{"start":{"line":9,"column":0},"end":{"line":9,"column":63}},"9":{"start":{"line":10,"column":0},"end":{"line":10,"column":45}},"10":{"start":{"line":11,"column":0},"end":{"line":11,"column":43}},"11":{"start":{"line":12,"column":0},"end":{"line":12,"column":61}},"12":{"start":{"line":13,"column":0},"end":{"line":13,"column":57}},"13":{"start":{"line":14,"column":0},"end":{"line":14,"column":0}},"14":{"start":{"line":15,"column":0},"end":{"line":15,"column":41}},"15":{"start":{"line":16,"column":0},"end":{"line":16,"column":12}},"16":{"start":{"line":17,"column":0},"end":{"line":17,"column":19}},"17":{"start":{"line":18,"column":0},"end":{"line":18,"column":13}},"18":{"start":{"line":19,"column":0},"end":{"line":19,"column":12}},"19":{"start":{"line":20,"column":0},"end":{"line":20,"column":21}},"20":{"start":{"line":21,"column":0},"end":{"line":21,"column":18}},"21":{"start":{"line":22,"column":0},"end":{"line":22,"column":2}},"22":{"start":{"line":23,"column":0},"end":{"line":23,"column":0}},"23":{"start":{"line":24,"column":0},"end":{"line":24,"column":37}},"24":{"start":{"line":25,"column":0},"end":{"line":25,"column":23}},"25":{"start":{"line":26,"column":0},"end":{"line":26,"column":49}},"26":{"start":{"line":27,"column":0},"end":{"line":27,"column":3}},"27":{"start":{"line":28,"column":0},"end":{"line":28,"column":0}},"28":{"start":{"line":29,"column":0},"end":{"line":29,"column":55}},"29":{"start":{"line":30,"column":0},"end":{"line":30,"column":0}},"30":{"start":{"line":31,"column":0},"end":{"line":31,"column":48}},"31":{"start":{"line":32,"column":0},"end":{"line":32,"column":0}},"32":{"start":{"line":33,"column":0},"end":{"line":33,"column":67}},"33":{"start":{"line":34,"column":0},"end":{"line":34,"column":73}}},"s":{"0":1,"1":1,"2":1,"3":1,"4":1,"5":1,"6":1,"7":1,"8":1,"9":1,"10":1,"11":1,"12":1,"13":1,"14":1,"15":1,"16":1,"17":1,"18":1,"19":1,"20":1,"21":1,"22":1,"23":1,"24":1,"25":1,"26":1,"27":1,"28":1,"29":1,"30":1,"31":1,"32":1,"33":1},"branchMap":{},"b":{},"fnMap":{"0":{"name":"useDispatch","decl":{"start":{"line":33,"column":46},"end":{"line":33,"column":67}},"loc":{"start":{"line":33,"column":46},"end":{"line":33,"column":67}},"line":33}},"f":{"0":0}}
,"C:\\Users\\Petr\\dev\\stellar-burgers\\src\\services\\slices\\burgerConstructorSlice.ts": {"path":"C:\\Users\\Petr\\dev\\stellar-burgers\\src\\services\\slices\\burgerConstructorSlice.ts","all":false,"statementMap":{"0":{"start":{"line":1,"column":0},"end":{"line":1,"column":62}},"1":{"start":{"line":2,"column":0},"end":{"line":2,"column":48}},"2":{"start":{"line":3,"column":0},"end":{"line":3,"column":0}},"3":{"start":{"line":4,"column":0},"end":{"line":4,"column":52}},"4":{"start":{"line":5,"column":0},"end":{"line":5,"column":15}},"5":{"start":{"line":6,"column":0},"end":{"line":6,"column":2}},"6":{"start":{"line":7,"column":0},"end":{"line":7,"column":0}},"7":{"start":{"line":8,"column":0},"end":{"line":8,"column":26}},"8":{"start":{"line":9,"column":0},"end":{"line":9,"column":26}},"9":{"start":{"line":10,"column":0},"end":{"line":10,"column":40}},"10":{"start":{"line":11,"column":0},"end":{"line":11,"column":40}},"11":{"start":{"line":12,"column":0},"end":{"line":12,"column":2}},"12":{"start":{"line":13,"column":0},"end":{"line":13,"column":0}},"13":{"start":{"line":14,"column":0},"end":{"line":14,"column":41}},"14":{"start":{"line":15,"column":0},"end":{"line":15,"column":12}},"15":{"start":{"line":16,"column":0},"end":{"line":16,"column":18}},"16":{"start":{"line":17,"column":0},"end":{"line":17,"column":16}},"17":{"start":{"line":18,"column":0},"end":{"line":18,"column":2}},"18":{"start":{"line":19,"column":0},"end":{"line":19,"column":0}},"19":{"start":{"line":20,"column":0},"end":{"line":20,"column":69}},"20":{"start":{"line":21,"column":0},"end":{"line":21,"column":0}},"21":{"start":{"line":22,"column":0},"end":{"line":22,"column":38}},"22":{"start":{"line":23,"column":0},"end":{"line":23,"column":20}},"23":{"start":{"line":24,"column":0},"end":{"line":24,"column":15}},"24":{"start":{"line":25,"column":0},"end":{"line":25,"column":13}},"25":{"start":{"line":26,"column":0},"end":{"line":26,"column":20}},"26":{"start":{"line":27,"column":0},"end":{"line":27,"column":74}},"27":{"start":{"line":28,"column":0},"end":{"line":28,"column":42}},"28":{"start":{"line":29,"column":0},"end":{"line":29,"column":25}},"29":{"start":{"line":30,"column":0},"end":{"line":30,"column":40}},"30":{"start":{"line":31,"column":0},"end":{"line":31,"column":58}},"31":{"start":{"line":32,"column":0},"end":{"line":32,"column":8}},"32":{"start":{"line":33,"column":0},"end":{"line":33,"column":46}},"33":{"start":{"line":34,"column":0},"end":{"line":34,"column":18}},"34":{"start":{"line":35,"column":0},"end":{"line":35,"column":24}},"35":{"start":{"line":36,"column":0},"end":{"line":36,"column":35}},"36":{"start":{"line":37,"column":0},"end":{"line":37,"column":9}},"37":{"start":{"line":38,"column":0},"end":{"line":38,"column":8}},"38":{"start":{"line":39,"column":0},"end":{"line":39,"column":6}},"39":{"start":{"line":40,"column":0},"end":{"line":40,"column":65}},"40":{"start":{"line":41,"column":0},"end":{"line":41,"column":51}},"41":{"start":{"line":42,"column":0},"end":{"line":42,"column":46}},"42":{"start":{"line":43,"column":0},"end":{"line":43,"column":8}},"43":{"start":{"line":44,"column":0},"end":{"line":44,"column":6}},"44":{"start":{"line":45,"column":0},"end":{"line":45,"column":21}},"45":{"start":{"line":46,"column":0},"end":{"line":46,"column":12}},"46":{"start":{"line":47,"column":0},"end":{"line":47,"column":67}},"47":{"start":{"line":48,"column":0},"end":{"line":48,"column":10}},"48":{"start":{"line":49,"column":0},"end":{"line":49,"column":52}},"49":{"start":{"line":50,"column":0},"end":{"line":50,"column":63}},"50":{"start":{"line":51,"column":0},"end":{"line":51,"column":52}},"51":{"start":{"line":52,"column":0},"end":{"line":52,"column":6}},"52":{"start":{"line":53,"column":0},"end":{"line":53,"column":40}},"53":{"start":{"line":54,"column":0},"end":{"line":54,"column":4}},"54":{"start":{"line":55,"column":0},"end":{"line":55,"column":14}},"55":{"start":{"line":56,"column":0},"end":{"line":56,"column":40}},"56":{"start":{"line":57,"column":0},"end":{"line":57,"column":47}},"57":{"start":{"line":58,"column":0},"end":{"line":58,"column":62}},"58":{"start":{"line":59,"column":0},"end":{"line":59,"column":3}},"59":{"start":{"line":60,"column":0},"end":{"line":60,"column":3}},"60":{"start":{"line":61,"column":0},"end":{"line":61,"column":0}},"61":{"start":{"line":62,"column":0},"end":{"line":62,"column":14}},"62":{"start":{"line":63,"column":0},"end":{"line":63,"column":16}},"63":{"start":{"line":64,"column":0},"end":{"line":64,"column":19}},"64":{"start":{"line":65,"column":0},"end":{"line":65,"column":17}},"65":{"start":{"line":66,"column":0},"end":{"line":66,"column":18}},"66":{"start":{"line":67,"column":0},"end":{"line":67,"column":29}},"67":{"start":{"line":68,"column":0},"end":{"line":68,"column":0}},"68":{"start":{"line":69,"column":0},"end":{"line":69,"column":14}},"69":{"start":{"line":70,"column":0},"end":{"line":70,"column":20}},"70":{"start":{"line":71,"column":0},"end":{"line":71,"column":23}},"71":{"start":{"line":72,"column":0},"end":{"line":72,"column":30}},"72":{"start":{"line":73,"column":0},"end":{"line":73,"column":31}},"73":{"start":{"line":74,"column":0},"end":{"line":74,"column":0}},"74":{"start":{"line":75,"column":0},"end":{"line":75,"column":32}}},"s":{"0":1,"1":1,"2":1,"3":1,"4":1,"5":1,"6":1,"7":1,"8":1,"9":1,"10":1,"11":1,"12":1,"13":1,"14":1,"15":1,"16":1,"17":1,"18":1,"19":1,"20":1,"21":1,"22":1,"23":1,"24":1,"25":1,"26":1,"27":18,"28":18,"29":18,"30":18,"31":1,"32":1,"33":18,"34":18,"35":18,"36":18,"37":18,"38":1,"39":1,"40":2,"41":2,"42":2,"43":1,"44":1,"45":3,"46":3,"47":3,"48":3,"49":3,"50":3,"51":1,"52":1,"53":1,"54":1,"55":1,"56":1,"57":1,"58":1,"59":1,"60":1,"61":1,"62":1,"63":1,"64":1,"65":1,"66":1,"67":1,"68":1,"69":1,"70":1,"71":1,"72":1,"73":1,"74":1},"branchMap":{"0":{"type":"branch","line":20,"loc":{"start":{"line":20,"column":14},"end":{"line":20,"column":69}},"locations":[{"start":{"line":20,"column":14},"end":{"line":20,"column":69}}]},"1":{"type":"branch","line":27,"loc":{"start":{"line":27,"column":15},"end":{"line":32,"column":7}},"locations":[{"start":{"line":27,"column":15},"end":{"line":32,"column":7}}]},"2":{"type":"branch","line":30,"loc":{"start":{"line":30,"column":-1},"end":{"line":30,"column":39}},"locations":[{"start":{"line":30,"column":-1},"end":{"line":30,"column":39}}]},"3":{"type":"branch","line":30,"loc":{"start":{"line":30,"column":39},"end":{"line":31,"column":57}},"locations":[{"start":{"line":30,"column":39},"end":{"line":31,"column":57}}]},"4":{"type":"branch","line":33,"loc":{"start":{"line":33,"column":15},"end":{"line":38,"column":8}},"locations":[{"start":{"line":33,"column":15},"end":{"line":38,"column":8}}]},"5":{"type":"branch","line":40,"loc":{"start":{"line":40,"column":22},"end":{"line":44,"column":5}},"locations":[{"start":{"line":40,"column":22},"end":{"line":44,"column":5}}]},"6":{"type":"branch","line":42,"loc":{"start":{"line":42,"column":8},"end":{"line":42,"column":46}},"locations":[{"start":{"line":42,"column":8},"end":{"line":42,"column":46}}]},"7":{"type":"branch","line":45,"loc":{"start":{"line":45,"column":20},"end":{"line":52,"column":5}},"locations":[{"start":{"line":45,"column":20},"end":{"line":52,"column":5}}]},"8":{"type":"branch","line":53,"loc":{"start":{"line":53,"column":22},"end":{"line":53,"column":40}},"locations":[{"start":{"line":53,"column":22},"end":{"line":53,"column":40}}]},"9":{"type":"branch","line":56,"loc":{"start":{"line":56,"column":23},"end":{"line":56,"column":40}},"locations":[{"start":{"line":56,"column":23},"end":{"line":56,"column":40}}]},"10":{"type":"branch","line":57,"loc":{"start":{"line":57,"column":26},"end":{"line":57,"column":47}},"locations":[{"start":{"line":57,"column":26},"end":{"line":57,"column":47}}]},"11":{"type":"branch","line":58,"loc":{"start":{"line":58,"column":34},"end":{"line":58,"column":62}},"locations":[{"start":{"line":58,"column":34},"end":{"line":58,"column":62}}]}},"b":{"0":[18],"1":[18],"2":[7],"3":[11],"4":[18],"5":[2],"6":[3],"7":[3],"8":[1],"9":[1],"10":[1],"11":[1]},"fnMap":{"0":{"name":"isBun","decl":{"start":{"line":20,"column":14},"end":{"line":20,"column":69}},"loc":{"start":{"line":20,"column":14},"end":{"line":20,"column":69}},"line":20},"1":{"name":"reducer","decl":{"start":{"line":27,"column":15},"end":{"line":32,"column":7}},"loc":{"start":{"line":27,"column":15},"end":{"line":32,"column":7}},"line":27},"2":{"name":"prepare","decl":{"start":{"line":33,"column":15},"end":{"line":38,"column":8}},"loc":{"start":{"line":33,"column":15},"end":{"line":38,"column":8}},"line":33},"3":{"name":"removeIngredient","decl":{"start":{"line":40,"column":22},"end":{"line":44,"column":5}},"loc":{"start":{"line":40,"column":22},"end":{"line":44,"column":5}},"line":40},"4":{"name":"moveIngredient","decl":{"start":{"line":45,"column":20},"end":{"line":52,"column":5}},"loc":{"start":{"line":45,"column":20},"end":{"line":52,"column":5}},"line":45},"5":{"name":"clearConstructor","decl":{"start":{"line":53,"column":22},"end":{"line":53,"column":40}},"loc":{"start":{"line":53,"column":22},"end":{"line":53,"column":40}},"line":53},"6":{"name":"selectConstructor","decl":{"start":{"line":56,"column":23},"end":{"line":56,"column":40}},"loc":{"start":{"line":56,"column":23},"end":{"line":56,"column":40}},"line":56},"7":{"name":"selectConstructorBun","decl":{"start":{"line":57,"column":26},"end":{"line":57,"column":47}},"loc":{"start":{"line":57,"column":26},"end":{"line":57,"column":47}},"line":57},"8":{"name":"selectConstructorIngredients","decl":{"start":{"line":58,"column":34},"end":{"line":58,"column":62}},"loc":{"start":{"line":58,"column":34},"end":{"line":58,"column":62}},"line":58}},"f":{"0":18,"1":18,"2":18,"3":2,"4":3,"5":1,"6":1,"7":1,"8":1}}
,"C:\\Users\\Petr\\dev\\stellar-burgers\\src\\services\\slices\\feedSlice.ts": {"path":"C:\\Users\\Petr\\dev\\stellar-burgers\\src\\services\\slices\\feedSlice.ts","all":false,"statementMap":{"0":{"start":{"line":1,"column":0},"end":{"line":1,"column":80}},"1":{"start":{"line":2,"column":0},"end":{"line":2,"column":53}},"2":{"start":{"line":3,"column":0},"end":{"line":3,"column":60}},"3":{"start":{"line":4,"column":0},"end":{"line":4,"column":0}},"4":{"start":{"line":5,"column":0},"end":{"line":5,"column":43}},"5":{"start":{"line":6,"column":0},"end":{"line":6,"column":18}},"6":{"start":{"line":7,"column":0},"end":{"line":7,"column":7}},"7":{"start":{"line":8,"column":0},"end":{"line":8,"column":25}},"8":{"start":{"line":9,"column":0},"end":{"line":9,"column":54}},"9":{"start":{"line":10,"column":0},"end":{"line":10,"column":7}},"10":{"start":{"line":11,"column":0},"end":{"line":11,"column":41}},"11":{"start":{"line":12,"column":0},"end":{"line":12,"column":20}},"12":{"start":{"line":13,"column":0},"end":{"line":13,"column":19}},"13":{"start":{"line":14,"column":0},"end":{"line":14,"column":24}},"14":{"start":{"line":15,"column":0},"end":{"line":15,"column":28}},"15":{"start":{"line":16,"column":0},"end":{"line":16,"column":23}},"16":{"start":{"line":17,"column":0},"end":{"line":17,"column":44}},"17":{"start":{"line":18,"column":0},"end":{"line":18,"column":41}},"18":{"start":{"line":19,"column":0},"end":{"line":19,"column":3}},"19":{"start":{"line":20,"column":0},"end":{"line":20,"column":3}},"20":{"start":{"line":21,"column":0},"end":{"line":21,"column":0}},"21":{"start":{"line":22,"column":0},"end":{"line":22,"column":19}},"22":{"start":{"line":23,"column":0},"end":{"line":23,"column":19}},"23":{"start":{"line":24,"column":0},"end":{"line":24,"column":16}},"24":{"start":{"line":25,"column":0},"end":{"line":25,"column":21}},"25":{"start":{"line":26,"column":0},"end":{"line":26,"column":21}},"26":{"start":{"line":27,"column":0},"end":{"line":27,"column":23}},"27":{"start":{"line":28,"column":0},"end":{"line":28,"column":2}},"28":{"start":{"line":29,"column":0},"end":{"line":29,"column":0}},"29":{"start":{"line":30,"column":0},"end":{"line":30,"column":34}},"30":{"start":{"line":31,"column":0},"end":{"line":31,"column":13}},"31":{"start":{"line":32,"column":0},"end":{"line":32,"column":11}},"32":{"start":{"line":33,"column":0},"end":{"line":33,"column":16}},"33":{"start":{"line":34,"column":0},"end":{"line":34,"column":19}},"34":{"start":{"line":35,"column":0},"end":{"line":35,"column":13}},"35":{"start":{"line":36,"column":0},"end":{"line":36,"column":2}},"36":{"start":{"line":37,"column":0},"end":{"line":37,"column":0}},"37":{"start":{"line":38,"column":0},"end":{"line":38,"column":31}},"38":{"start":{"line":39,"column":0},"end":{"line":39,"column":15}},"39":{"start":{"line":40,"column":0},"end":{"line":40,"column":15}},"40":{"start":{"line":41,"column":0},"end":{"line":41,"column":15}},"41":{"start":{"line":42,"column":0},"end":{"line":42,"column":31}},"42":{"start":{"line":43,"column":0},"end":{"line":43,"column":11}},"43":{"start":{"line":44,"column":0},"end":{"line":44,"column":47}},"44":{"start":{"line":45,"column":0},"end":{"line":45,"column":31}},"45":{"start":{"line":46,"column":0},"end":{"line":46,"column":27}},"46":{"start":{"line":47,"column":0},"end":{"line":47,"column":8}},"47":{"start":{"line":48,"column":0},"end":{"line":48,"column":15}},"48":{"start":{"line":49,"column":0},"end":{"line":49,"column":29}},"49":{"start":{"line":50,"column":0},"end":{"line":50,"column":60}},"50":{"start":{"line":51,"column":0},"end":{"line":51,"column":34}},"51":{"start":{"line":52,"column":0},"end":{"line":52,"column":47}},"52":{"start":{"line":53,"column":0},"end":{"line":53,"column":45}},"53":{"start":{"line":54,"column":0},"end":{"line":54,"column":55}},"54":{"start":{"line":55,"column":0},"end":{"line":55,"column":9}},"55":{"start":{"line":56,"column":0},"end":{"line":56,"column":7}},"56":{"start":{"line":57,"column":0},"end":{"line":57,"column":56}},"57":{"start":{"line":58,"column":0},"end":{"line":58,"column":32}},"58":{"start":{"line":59,"column":0},"end":{"line":59,"column":58}},"59":{"start":{"line":60,"column":0},"end":{"line":60,"column":9}},"60":{"start":{"line":61,"column":0},"end":{"line":61,"column":3}},"61":{"start":{"line":62,"column":0},"end":{"line":62,"column":3}},"62":{"start":{"line":63,"column":0},"end":{"line":63,"column":0}},"63":{"start":{"line":64,"column":0},"end":{"line":64,"column":25}}},"s":{"0":1,"1":0,"2":1,"3":1,"4":1,"5":1,"6":1,"7":1,"8":1,"9":0,"10":0,"11":0,"12":0,"13":0,"14":0,"15":0,"16":0,"17":0,"18":1,"19":1,"20":1,"21":1,"22":1,"23":1,"24":1,"25":1,"26":1,"27":1,"28":1,"29":1,"30":1,"31":1,"32":1,"33":1,"34":1,"35":1,"36":1,"37":1,"38":1,"39":1,"40":1,"41":1,"42":1,"43":1,"44":0,"45":0,"46":1,"47":1,"48":1,"49":1,"50":0,"51":0,"52":0,"53":0,"54":0,"55":1,"56":1,"57":0,"58":0,"59":1,"60":1,"61":1,"62":1,"63":1},"branchMap":{"0":{"type":"branch","line":2,"loc":{"start":{"line":2,"column":0},"end":{"line":2,"column":53}},"locations":[{"start":{"line":2,"column":0},"end":{"line":2,"column":53}}]},"1":{"type":"branch","line":2,"loc":{"start":{"line":2,"column":0},"end":{"line":2,"column":53}},"locations":[{"start":{"line":2,"column":0},"end":{"line":2,"column":53}}]},"2":{"type":"branch","line":2,"loc":{"start":{"line":2,"column":0},"end":{"line":2,"column":53}},"locations":[{"start":{"line":2,"column":0},"end":{"line":2,"column":53}}]},"3":{"type":"branch","line":2,"loc":{"start":{"line":2,"column":0},"end":{"line":2,"column":53}},"locations":[{"start":{"line":2,"column":0},"end":{"line":2,"column":53}}]},"4":{"type":"branch","line":2,"loc":{"start":{"line":2,"column":0},"end":{"line":2,"column":53}},"locations":[{"start":{"line":2,"column":0},"end":{"line":2,"column":53}}]},"5":{"type":"branch","line":2,"loc":{"start":{"line":2,"column":0},"end":{"line":2,"column":53}},"locations":[{"start":{"line":2,"column":0},"end":{"line":2,"column":53}}]},"6":{"type":"branch","line":2,"loc":{"start":{"line":2,"column":0},"end":{"line":2,"column":53}},"locations":[{"start":{"line":2,"column":0},"end":{"line":2,"column":53}}]},"7":{"type":"branch","line":2,"loc":{"start":{"line":2,"column":0},"end":{"line":2,"column":53}},"locations":[{"start":{"line":2,"column":0},"end":{"line":2,"column":53}}]},"8":{"type":"branch","line":2,"loc":{"start":{"line":2,"column":0},"end":{"line":2,"column":53}},"locations":[{"start":{"line":2,"column":0},"end":{"line":2,"column":53}}]},"9":{"type":"branch","line":2,"loc":{"start":{"line":2,"column":0},"end":{"line":2,"column":53}},"locations":[{"start":{"line":2,"column":0},"end":{"line":2,"column":53}}]},"10":{"type":"branch","line":2,"loc":{"start":{"line":2,"column":0},"end":{"line":2,"column":53}},"locations":[{"start":{"line":2,"column":0},"end":{"line":2,"column":53}}]},"11":{"type":"branch","line":2,"loc":{"start":{"line":2,"column":0},"end":{"line":2,"column":53}},"locations":[{"start":{"line":2,"column":0},"end":{"line":2,"column":53}}]},"12":{"type":"branch","line":2,"loc":{"start":{"line":2,"column":0},"end":{"line":2,"column":53}},"locations":[{"start":{"line":2,"column":0},"end":{"line":2,"column":53}}]},"13":{"type":"branch","line":2,"loc":{"start":{"line":2,"column":0},"end":{"line":2,"column":53}},"locations":[{"start":{"line":2,"column":0},"end":{"line":2,"column":53}}]},"14":{"type":"branch","line":2,"loc":{"start":{"line":2,"column":0},"end":{"line":2,"column":53}},"locations":[{"start":{"line":2,"column":0},"end":{"line":2,"column":53}}]},"15":{"type":"branch","line":2,"loc":{"start":{"line":2,"column":0},"end":{"line":2,"column":53}},"locations":[{"start":{"line":2,"column":0},"end":{"line":2,"column":53}}]},"16":{"type":"branch","line":9,"loc":{"start":{"line":9,"column":17},"end":{"line":20,"column":2}},"locations":[{"start":{"line":9,"column":17},"end":{"line":20,"column":2}}]},"17":{"type":"branch","line":42,"loc":{"start":{"line":42,"column":17},"end":{"line":61,"column":3}},"locations":[{"start":{"line":42,"column":17},"end":{"line":61,"column":3}}]}},"b":{"0":[0],"1":[0],"2":[0],"3":[0],"4":[0],"5":[0],"6":[13],"7":[2],"8":[6],"9":[1],"10":[0],"11":[0],"12":[0],"13":[1],"14":[0],"15":[1],"16":[1],"17":[1]},"fnMap":{"0":{"name":"_regeneratorRuntime","decl":{"start":{"line":2,"column":0},"end":{"line":2,"column":53}},"loc":{"start":{"line":2,"column":0},"end":{"line":2,"column":53}},"line":2},"1":{"name":"o","decl":{"start":{"line":2,"column":0},"end":{"line":2,"column":53}},"loc":{"start":{"line":2,"column":0},"end":{"line":2,"column":53}},"line":2},"2":{"name":"define","decl":{"start":{"line":2,"column":0},"end":{"line":2,"column":53}},"loc":{"start":{"line":2,"column":0},"end":{"line":2,"column":53}},"line":2},"3":{"name":"define","decl":{"start":{"line":2,"column":0},"end":{"line":2,"column":53}},"loc":{"start":{"line":2,"column":0},"end":{"line":2,"column":53}},"line":2},"4":{"name":"wrap","decl":{"start":{"line":2,"column":0},"end":{"line":2,"column":53}},"loc":{"start":{"line":2,"column":0},"end":{"line":2,"column":53}},"line":2},"5":{"name":"tryCatch","decl":{"start":{"line":2,"column":0},"end":{"line":2,"column":53}},"loc":{"start":{"line":2,"column":0},"end":{"line":2,"column":53}},"line":2},"6":{"name":"Generator","decl":{"start":{"line":2,"column":0},"end":{"line":2,"column":53}},"loc":{"start":{"line":2,"column":0},"end":{"line":2,"column":53}},"line":2},"7":{"name":"GeneratorFunction","decl":{"start":{"line":2,"column":0},"end":{"line":2,"column":53}},"loc":{"start":{"line":2,"column":0},"end":{"line":2,"column":53}},"line":2},"8":{"name":"GeneratorFunctionPrototype","decl":{"start":{"line":2,"column":0},"end":{"line":2,"column":53}},"loc":{"start":{"line":2,"column":0},"end":{"line":2,"column":53}},"line":2},"9":{"name":"defineIteratorMethods","decl":{"start":{"line":2,"column":0},"end":{"line":2,"column":53}},"loc":{"start":{"line":2,"column":0},"end":{"line":2,"column":53}},"line":2},"10":{"name":"AsyncIterator","decl":{"start":{"line":2,"column":0},"end":{"line":2,"column":53}},"loc":{"start":{"line":2,"column":0},"end":{"line":2,"column":53}},"line":2},"11":{"name":"makeInvokeMethod","decl":{"start":{"line":2,"column":0},"end":{"line":2,"column":53}},"loc":{"start":{"line":2,"column":0},"end":{"line":2,"column":53}},"line":2},"12":{"name":"maybeInvokeDelegate","decl":{"start":{"line":2,"column":0},"end":{"line":2,"column":53}},"loc":{"start":{"line":2,"column":0},"end":{"line":2,"column":53}},"line":2},"13":{"name":"pushTryEntry","decl":{"start":{"line":2,"column":0},"end":{"line":2,"column":53}},"loc":{"start":{"line":2,"column":0},"end":{"line":2,"column":53}},"line":2},"14":{"name":"resetTryEntry","decl":{"start":{"line":2,"column":0},"end":{"line":2,"column":53}},"loc":{"start":{"line":2,"column":0},"end":{"line":2,"column":53}},"line":2},"15":{"name":"Context","decl":{"start":{"line":2,"column":0},"end":{"line":2,"column":53}},"loc":{"start":{"line":2,"column":0},"end":{"line":2,"column":53}},"line":2},"16":{"name":"values","decl":{"start":{"line":2,"column":0},"end":{"line":2,"column":53}},"loc":{"start":{"line":2,"column":0},"end":{"line":2,"column":53}},"line":2},"17":{"name":"next","decl":{"start":{"line":2,"column":0},"end":{"line":2,"column":53}},"loc":{"start":{"line":2,"column":0},"end":{"line":2,"column":53}},"line":2},"18":{"name":"e.isGeneratorFunction","decl":{"start":{"line":2,"column":0},"end":{"line":2,"column":53}},"loc":{"start":{"line":2,"column":0},"end":{"line":2,"column":53}},"line":2},"19":{"name":"e.mark","decl":{"start":{"line":2,"column":0},"end":{"line":2,"column":53}},"loc":{"start":{"line":2,"column":0},"end":{"line":2,"column":53}},"line":2},"20":{"name":"e.awrap","decl":{"start":{"line":2,"column":0},"end":{"line":2,"column":53}},"loc":{"start":{"line":2,"column":0},"end":{"line":2,"column":53}},"line":2},"21":{"name":"e.async","decl":{"start":{"line":2,"column":0},"end":{"line":2,"column":53}},"loc":{"start":{"line":2,"column":0},"end":{"line":2,"column":53}},"line":2},"22":{"name":"e.keys","decl":{"start":{"line":2,"column":0},"end":{"line":2,"column":53}},"loc":{"start":{"line":2,"column":0},"end":{"line":2,"column":53}},"line":2},"23":{"name":"reset","decl":{"start":{"line":2,"column":0},"end":{"line":2,"column":53}},"loc":{"start":{"line":2,"column":0},"end":{"line":2,"column":53}},"line":2},"24":{"name":"stop","decl":{"start":{"line":2,"column":0},"end":{"line":2,"column":53}},"loc":{"start":{"line":2,"column":0},"end":{"line":2,"column":53}},"line":2},"25":{"name":"dispatchException","decl":{"start":{"line":2,"column":0},"end":{"line":2,"column":53}},"loc":{"start":{"line":2,"column":0},"end":{"line":2,"column":53}},"line":2},"26":{"name":"abrupt","decl":{"start":{"line":2,"column":0},"end":{"line":2,"column":53}},"loc":{"start":{"line":2,"column":0},"end":{"line":2,"column":53}},"line":2},"27":{"name":"complete","decl":{"start":{"line":2,"column":0},"end":{"line":2,"column":53}},"loc":{"start":{"line":2,"column":0},"end":{"line":2,"column":53}},"line":2},"28":{"name":"finish","decl":{"start":{"line":2,"column":0},"end":{"line":2,"column":53}},"loc":{"start":{"line":2,"column":0},"end":{"line":2,"column":53}},"line":2},"29":{"name":"_catch","decl":{"start":{"line":2,"column":0},"end":{"line":2,"column":53}},"loc":{"start":{"line":2,"column":0},"end":{"line":2,"column":53}},"line":2},"30":{"name":"delegateYield","decl":{"start":{"line":2,"column":0},"end":{"line":2,"column":53}},"loc":{"start":{"line":2,"column":0},"end":{"line":2,"column":53}},"line":2},"31":{"name":"asyncGeneratorStep","decl":{"start":{"line":2,"column":0},"end":{"line":2,"column":53}},"loc":{"start":{"line":2,"column":0},"end":{"line":2,"column":53}},"line":2},"32":{"name":"_asyncToGenerator","decl":{"start":{"line":2,"column":0},"end":{"line":2,"column":53}},"loc":{"start":{"line":2,"column":0},"end":{"line":2,"column":53}},"line":2},"33":{"name":"_callee","decl":{"start":{"line":9,"column":19},"end":{"line":18,"column":41}},"loc":{"start":{"line":9,"column":19},"end":{"line":18,"column":41}},"line":9},"34":{"name":"extraReducers","decl":{"start":{"line":42,"column":17},"end":{"line":61,"column":3}},"loc":{"start":{"line":42,"column":17},"end":{"line":61,"column":3}},"line":42}},"f":{"0":0,"1":0,"2":13,"3":0,"4":0,"5":0,"6":0,"7":0,"8":0,"9":2,"10":0,"11":0,"12":0,"13":0,"14":0,"15":0,"16":1,"17":0,"18":0,"19":1,"20":0,"21":0,"22":0,"23":0,"24":0,"25":0,"26":0,"27":0,"28":0,"29":0,"30":0,"31":0,"32":1,"33":0,"34":1}}
,"C:\\Users\\Petr\\dev\\stellar-burgers\\src\\services\\slices\\ingredientsSlice.ts": {"path":"C:\\Users\\Petr\\dev\\stellar-burgers\\src\\services\\slices\\ingredientsSlice.ts","all":false,"statementMap":{"0":{"start":{"line":1,"column":0},"end":{"line":1,"column":65}},"1":{"start":{"line":2,"column":0},"end":{"line":2,"column":59}},"2":{"start":{"line":3,"column":0},"end":{"line":3,"column":43}},"3":{"start":{"line":4,"column":0},"end":{"line":4,"column":0}},"4":{"start":{"line":5,"column":0},"end":{"line":5,"column":26}},"5":{"start":{"line":6,"column":0},"end":{"line":6,"column":22}},"6":{"start":{"line":7,"column":0},"end":{"line":7,"column":19}},"7":{"start":{"line":8,"column":0},"end":{"line":8,"column":23}},"8":{"start":{"line":9,"column":0},"end":{"line":9,"column":2}},"9":{"start":{"line":10,"column":0},"end":{"line":10,"column":0}},"10":{"start":{"line":11,"column":0},"end":{"line":11,"column":41}},"11":{"start":{"line":12,"column":0},"end":{"line":12,"column":11}},"12":{"start":{"line":13,"column":0},"end":{"line":13,"column":17}},"13":{"start":{"line":14,"column":0},"end":{"line":14,"column":13}},"14":{"start":{"line":15,"column":0},"end":{"line":15,"column":2}},"15":{"start":{"line":16,"column":0},"end":{"line":16,"column":0}},"16":{"start":{"line":17,"column":0},"end":{"line":17,"column":49}},"17":{"start":{"line":18,"column":0},"end":{"line":18,"column":25}},"18":{"start":{"line":19,"column":0},"end":{"line":19,"column":37}},"19":{"start":{"line":20,"column":0},"end":{"line":20,"column":9}},"20":{"start":{"line":21,"column":0},"end":{"line":21,"column":52}},"21":{"start":{"line":22,"column":0},"end":{"line":22,"column":56}},"22":{"start":{"line":23,"column":0},"end":{"line":23,"column":69}},"23":{"start":{"line":24,"column":0},"end":{"line":24,"column":7}},"24":{"start":{"line":25,"column":0},"end":{"line":25,"column":25}},"25":{"start":{"line":26,"column":0},"end":{"line":26,"column":21}},"26":{"start":{"line":27,"column":0},"end":{"line":27,"column":26}},"27":{"start":{"line":28,"column":0},"end":{"line":28,"column":70}},"28":{"start":{"line":29,"column":0},"end":{"line":29,"column":65}},"29":{"start":{"line":30,"column":0},"end":{"line":30,"column":77}},"30":{"start":{"line":31,"column":0},"end":{"line":31,"column":5}},"31":{"start":{"line":32,"column":0},"end":{"line":32,"column":3}},"32":{"start":{"line":33,"column":0},"end":{"line":33,"column":2}},"33":{"start":{"line":34,"column":0},"end":{"line":34,"column":0}},"34":{"start":{"line":35,"column":0},"end":{"line":35,"column":38}},"35":{"start":{"line":36,"column":0},"end":{"line":36,"column":22}},"36":{"start":{"line":37,"column":0},"end":{"line":37,"column":15}},"37":{"start":{"line":38,"column":0},"end":{"line":38,"column":15}},"38":{"start":{"line":39,"column":0},"end":{"line":39,"column":31}},"39":{"start":{"line":40,"column":0},"end":{"line":40,"column":11}},"40":{"start":{"line":41,"column":0},"end":{"line":41,"column":53}},"41":{"start":{"line":42,"column":0},"end":{"line":42,"column":29}},"42":{"start":{"line":43,"column":0},"end":{"line":43,"column":27}},"43":{"start":{"line":44,"column":0},"end":{"line":44,"column":8}},"44":{"start":{"line":45,"column":0},"end":{"line":45,"column":63}},"45":{"start":{"line":46,"column":0},"end":{"line":46,"column":36}},"46":{"start":{"line":47,"column":0},"end":{"line":47,"column":30}},"47":{"start":{"line":48,"column":0},"end":{"line":48,"column":8}},"48":{"start":{"line":49,"column":0},"end":{"line":49,"column":62}},"49":{"start":{"line":50,"column":0},"end":{"line":50,"column":30}},"50":{"start":{"line":51,"column":0},"end":{"line":51,"column":70}},"51":{"start":{"line":52,"column":0},"end":{"line":52,"column":9}},"52":{"start":{"line":53,"column":0},"end":{"line":53,"column":4}},"53":{"start":{"line":54,"column":0},"end":{"line":54,"column":14}},"54":{"start":{"line":55,"column":0},"end":{"line":55,"column":48}},"55":{"start":{"line":56,"column":0},"end":{"line":56,"column":55}},"56":{"start":{"line":57,"column":0},"end":{"line":57,"column":50}},"57":{"start":{"line":58,"column":0},"end":{"line":58,"column":3}},"58":{"start":{"line":59,"column":0},"end":{"line":59,"column":3}},"59":{"start":{"line":60,"column":0},"end":{"line":60,"column":0}},"60":{"start":{"line":61,"column":0},"end":{"line":61,"column":14}},"61":{"start":{"line":62,"column":0},"end":{"line":62,"column":23}},"62":{"start":{"line":63,"column":0},"end":{"line":63,"column":27}},"63":{"start":{"line":64,"column":0},"end":{"line":64,"column":24}},"64":{"start":{"line":65,"column":0},"end":{"line":65,"column":31}},"65":{"start":{"line":66,"column":0},"end":{"line":66,"column":0}},"66":{"start":{"line":67,"column":0},"end":{"line":67,"column":32}}},"s":{"0":1,"1":1,"2":1,"3":1,"4":1,"5":1,"6":1,"7":1,"8":1,"9":1,"10":1,"11":1,"12":1,"13":1,"14":1,"15":1,"16":1,"17":1,"18":2,"19":2,"20":2,"21":1,"22":0,"23":1,"24":1,"25":1,"26":1,"27":1,"28":1,"29":1,"30":2,"31":2,"32":1,"33":1,"34":1,"35":1,"36":1,"37":1,"38":1,"39":2,"40":2,"41":3,"42":3,"43":2,"44":2,"45":1,"46":1,"47":2,"48":2,"49":1,"50":1,"51":2,"52":1,"53":1,"54":1,"55":1,"56":1,"57":1,"58":1,"59":1,"60":1,"61":1,"62":1,"63":1,"64":1,"65":1,"66":1},"branchMap":{"0":{"type":"branch","line":2,"loc":{"start":{"line":2,"column":0},"end":{"line":2,"column":59}},"locations":[{"start":{"line":2,"column":0},"end":{"line":2,"column":59}}]},"1":{"type":"branch","line":2,"loc":{"start":{"line":2,"column":0},"end":{"line":2,"column":59}},"locations":[{"start":{"line":2,"column":0},"end":{"line":2,"column":59}}]},"2":{"type":"branch","line":2,"loc":{"start":{"line":2,"column":0},"end":{"line":2,"column":59}},"locations":[{"start":{"line":2,"column":0},"end":{"line":2,"column":59}}]},"3":{"type":"branch","line":2,"loc":{"start":{"line":2,"column":0},"end":{"line":2,"column":59}},"locations":[{"start":{"line":2,"column":0},"end":{"line":2,"column":59}}]},"4":{"type":"branch","line":2,"loc":{"start":{"line":2,"column":0},"end":{"line":2,"column":59}},"locations":[{"start":{"line":2,"column":0},"end":{"line":2,"column":59}}]},"5":{"type":"branch","line":2,"loc":{"start":{"line":2,"column":0},"end":{"line":2,"column":59}},"locations":[{"start":{"line":2,"column":0},"end":{"line":2,"column":59}}]},"6":{"type":"branch","line":2,"loc":{"start":{"line":2,"column":0},"end":{"line":2,"column":59}},"locations":[{"start":{"line":2,"column":0},"end":{"line":2,"column":59}}]},"7":{"type":"branch","line":2,"loc":{"start":{"line":2,"column":0},"end":{"line":2,"column":59}},"locations":[{"start":{"line":2,"column":0},"end":{"line":2,"column":59}}]},"8":{"type":"branch","line":2,"loc":{"start":{"line":2,"column":0},"end":{"line":2,"column":59}},"locations":[{"start":{"line":2,"column":0},"end":{"line":2,"column":59}}]},"9":{"type":"branch","line":2,"loc":{"start":{"line":2,"column":0},"end":{"line":2,"column":59}},"locations":[{"start":{"line":2,"column":0},"end":{"line":2,"column":59}}]},"10":{"type":"branch","line":2,"loc":{"start":{"line":2,"column":0},"end":{"line":2,"column":59}},"locations":[{"start":{"line":2,"column":0},"end":{"line":2,"column":59}}]},"11":{"type":"branch","line":2,"loc":{"start":{"line":2,"column":0},"end":{"line":2,"column":59}},"locations":[{"start":{"line":2,"column":0},"end":{"line":2,"column":59}}]},"12":{"type":"branch","line":2,"loc":{"start":{"line":2,"column":0},"end":{"line":2,"column":59}},"locations":[{"start":{"line":2,"column":0},"end":{"line":2,"column":59}}]},"13":{"type":"branch","line":2,"loc":{"start":{"line":2,"column":0},"end":{"line":2,"column":59}},"locations":[{"start":{"line":2,"column":0},"end":{"line":2,"column":59}}]},"14":{"type":"branch","line":2,"loc":{"start":{"line":2,"column":0},"end":{"line":2,"column":59}},"locations":[{"start":{"line":2,"column":0},"end":{"line":2,"column":59}}]},"15":{"type":"branch","line":2,"loc":{"start":{"line":2,"column":0},"end":{"line":2,"column":59}},"locations":[{"start":{"line":2,"column":0},"end":{"line":2,"column":59}}]},"16":{"type":"branch","line":2,"loc":{"start":{"line":2,"column":0},"end":{"line":2,"column":59}},"locations":[{"start":{"line":2,"column":0},"end":{"line":2,"column":59}}]},"17":{"type":"branch","line":2,"loc":{"start":{"line":2,"column":0},"end":{"line":2,"column":59}},"locations":[{"start":{"line":2,"column":0},"end":{"line":2,"column":59}}]},"18":{"type":"branch","line":2,"loc":{"start":{"line":2,"column":0},"end":{"line":2,"column":59}},"locations":[{"start":{"line":2,"column":0},"end":{"line":2,"column":59}}]},"19":{"type":"branch","line":2,"loc":{"start":{"line":2,"column":0},"end":{"line":2,"column":59}},"locations":[{"start":{"line":2,"column":0},"end":{"line":2,"column":59}}]},"20":{"type":"branch","line":2,"loc":{"start":{"line":2,"column":0},"end":{"line":2,"column":59}},"locations":[{"start":{"line":2,"column":0},"end":{"line":2,"column":59}}]},"21":{"type":"branch","line":2,"loc":{"start":{"line":2,"column":0},"end":{"line":2,"column":59}},"locations":[{"start":{"line":2,"column":0},"end":{"line":2,"column":59}}]},"22":{"type":"branch","line":2,"loc":{"start":{"line":2,"column":0},"end":{"line":2,"column":59}},"locations":[{"start":{"line":2,"column":0},"end":{"line":2,"column":59}}]},"23":{"type":"branch","line":2,"loc":{"start":{"line":2,"column":0},"end":{"line":2,"column":59}},"locations":[{"start":{"line":2,"column":0},"end":{"line":2,"column":59}}]},"24":{"type":"branch","line":2,"loc":{"start":{"line":2,"column":0},"end":{"line":2,"column":59}},"locations":[{"start":{"line":2,"column":0},"end":{"line":2,"column":59}}]},"25":{"type":"branch","line":2,"loc":{"start":{"line":2,"column":0},"end":{"line":2,"column":59}},"locations":[{"start":{"line":2,"column":0},"end":{"line":2,"column":59}}]},"26":{"type":"branch","line":2,"loc":{"start":{"line":2,"column":0},"end":{"line":2,"column":59}},"locations":[{"start":{"line":2,"column":0},"end":{"line":2,"column":59}}]},"27":{"type":"branch","line":2,"loc":{"start":{"line":2,"column":0},"end":{"line":2,"column":59}},"locations":[{"start":{"line":2,"column":0},"end":{"line":2,"column":59}}]},"28":{"type":"branch","line":2,"loc":{"start":{"line":2,"column":0},"end":{"line":2,"column":59}},"locations":[{"start":{"line":2,"column":0},"end":{"line":2,"column":59}}]},"29":{"type":"branch","line":2,"loc":{"start":{"line":2,"column":0},"end":{"line":2,"column":59}},"locations":[{"start":{"line":2,"column":0},"end":{"line":2,"column":59}}]},"30":{"type":"branch","line":2,"loc":{"start":{"line":2,"column":0},"end":{"line":2,"column":59}},"locations":[{"start":{"line":2,"column":0},"end":{"line":2,"column":59}}]},"31":{"type":"branch","line":2,"loc":{"start":{"line":2,"column":0},"end":{"line":2,"column":59}},"locations":[{"start":{"line":2,"column":0},"end":{"line":2,"column":59}}]},"32":{"type":"branch","line":2,"loc":{"start":{"line":2,"column":0},"end":{"line":2,"column":59}},"locations":[{"start":{"line":2,"column":0},"end":{"line":2,"column":59}}]},"33":{"type":"branch","line":2,"loc":{"start":{"line":2,"column":0},"end":{"line":2,"column":59}},"locations":[{"start":{"line":2,"column":0},"end":{"line":2,"column":59}}]},"34":{"type":"branch","line":2,"loc":{"start":{"line":2,"column":0},"end":{"line":2,"column":59}},"locations":[{"start":{"line":2,"column":0},"end":{"line":2,"column":59}}]},"35":{"type":"branch","line":2,"loc":{"start":{"line":2,"column":0},"end":{"line":2,"column":59}},"locations":[{"start":{"line":2,"column":0},"end":{"line":2,"column":59}}]},"36":{"type":"branch","line":2,"loc":{"start":{"line":2,"column":0},"end":{"line":2,"column":59}},"locations":[{"start":{"line":2,"column":0},"end":{"line":2,"column":59}}]},"37":{"type":"branch","line":2,"loc":{"start":{"line":2,"column":0},"end":{"line":2,"column":59}},"locations":[{"start":{"line":2,"column":0},"end":{"line":2,"column":59}}]},"38":{"type":"branch","line":2,"loc":{"start":{"line":2,"column":0},"end":{"line":2,"column":59}},"locations":[{"start":{"line":2,"column":0},"end":{"line":2,"column":59}}]},"39":{"type":"branch","line":2,"loc":{"start":{"line":2,"column":0},"end":{"line":2,"column":59}},"locations":[{"start":{"line":2,"column":0},"end":{"line":2,"column":59}}]},"40":{"type":"branch","line":2,"loc":{"start":{"line":2,"column":0},"end":{"line":2,"column":59}},"locations":[{"start":{"line":2,"column":0},"end":{"line":2,"column":59}}]},"41":{"type":"branch","line":2,"loc":{"start":{"line":2,"column":0},"end":{"line":2,"column":59}},"locations":[{"start":{"line":2,"column":0},"end":{"line":2,"column":59}}]},"42":{"type":"branch","line":2,"loc":{"start":{"line":2,"column":0},"end":{"line":2,"column":59}},"locations":[{"start":{"line":2,"column":0},"end":{"line":2,"column":59}}]},"43":{"type":"branch","line":2,"loc":{"start":{"line":2,"column":0},"end":{"line":2,"column":59}},"locations":[{"start":{"line":2,"column":0},"end":{"line":2,"column":59}}]},"44":{"type":"branch","line":2,"loc":{"start":{"line":2,"column":0},"end":{"line":2,"column":59}},"locations":[{"start":{"line":2,"column":0},"end":{"line":2,"column":59}}]},"45":{"type":"branch","line":2,"loc":{"start":{"line":2,"column":0},"end":{"line":2,"column":59}},"locations":[{"start":{"line":2,"column":0},"end":{"line":2,"column":59}}]},"46":{"type":"branch","line":2,"loc":{"start":{"line":2,"column":0},"end":{"line":2,"column":59}},"locations":[{"start":{"line":2,"column":0},"end":{"line":2,"column":59}}]},"47":{"type":"branch","line":2,"loc":{"start":{"line":2,"column":0},"end":{"line":2,"column":59}},"locations":[{"start":{"line":2,"column":0},"end":{"line":2,"column":59}}]},"48":{"type":"branch","line":2,"loc":{"start":{"line":2,"column":0},"end":{"line":2,"column":59}},"locations":[{"start":{"line":2,"column":0},"end":{"line":2,"column":59}}]},"49":{"type":"branch","line":2,"loc":{"start":{"line":2,"column":0},"end":{"line":2,"column":59}},"locations":[{"start":{"line":2,"column":0},"end":{"line":2,"column":59}}]},"50":{"type":"branch","line":2,"loc":{"start":{"line":2,"column":0},"end":{"line":2,"column":59}},"locations":[{"start":{"line":2,"column":0},"end":{"line":2,"column":59}}]},"51":{"type":"branch","line":2,"loc":{"start":{"line":2,"column":0},"end":{"line":2,"column":59}},"locations":[{"start":{"line":2,"column":0},"end":{"line":2,"column":59}}]},"52":{"type":"branch","line":2,"loc":{"start":{"line":2,"column":0},"end":{"line":2,"column":59}},"locations":[{"start":{"line":2,"column":0},"end":{"line":2,"column":59}}]},"53":{"type":"branch","line":2,"loc":{"start":{"line":2,"column":0},"end":{"line":2,"column":59}},"locations":[{"start":{"line":2,"column":0},"end":{"line":2,"column":59}}]},"54":{"type":"branch","line":2,"loc":{"start":{"line":2,"column":0},"end":{"line":2,"column":59}},"locations":[{"start":{"line":2,"column":0},"end":{"line":2,"column":59}}]},"55":{"type":"branch","line":2,"loc":{"start":{"line":2,"column":0},"end":{"line":2,"column":59}},"locations":[{"start":{"line":2,"column":0},"end":{"line":2,"column":59}}]},"56":{"type":"branch","line":2,"loc":{"start":{"line":2,"column":0},"end":{"line":2,"column":59}},"locations":[{"start":{"line":2,"column":0},"end":{"line":2,"column":59}}]},"57":{"type":"branch","line":2,"loc":{"start":{"line":2,"column":0},"end":{"line":2,"column":59}},"locations":[{"start":{"line":2,"column":0},"end":{"line":2,"column":59}}]},"58":{"type":"branch","line":2,"loc":{"start":{"line":2,"column":0},"end":{"line":2,"column":59}},"locations":[{"start":{"line":2,"column":0},"end":{"line":2,"column":59}}]},"59":{"type":"branch","line":2,"loc":{"start":{"line":2,"column":0},"end":{"line":2,"column":59}},"locations":[{"start":{"line":2,"column":0},"end":{"line":2,"column":59}}]},"60":{"type":"branch","line":2,"loc":{"start":{"line":2,"column":0},"end":{"line":2,"column":59}},"locations":[{"start":{"line":2,"column":0},"end":{"line":2,"column":59}}]},"61":{"type":"branch","line":2,"loc":{"start":{"line":2,"column":0},"end":{"line":2,"column":59}},"locations":[{"start":{"line":2,"column":0},"end":{"line":2,"column":59}}]},"62":{"type":"branch","line":2,"loc":{"start":{"line":2,"column":0},"end":{"line":2,"column":59}},"locations":[{"start":{"line":2,"column":0},"end":{"line":2,"column":59}}]},"63":{"type":"branch","line":2,"loc":{"start":{"line":2,"column":0},"end":{"line":2,"column":59}},"locations":[{"start":{"line":2,"column":0},"end":{"line":2,"column":59}}]},"64":{"type":"branch","line":2,"loc":{"start":{"line":2,"column":0},"end":{"line":2,"column":59}},"locations":[{"start":{"line":2,"column":0},"end":{"line":2,"column":59}}]},"65":{"type":"branch","line":2,"loc":{"start":{"line":2,"column":0},"end":{"line":2,"column":59}},"locations":[{"start":{"line":2,"column":0},"end":{"line":2,"column":59}}]},"66":{"type":"branch","line":2,"loc":{"start":{"line":2,"column":0},"end":{"line":2,"column":59}},"locations":[{"start":{"line":2,"column":0},"end":{"line":2,"column":59}}]},"67":{"type":"branch","line":2,"loc":{"start":{"line":2,"column":0},"end":{"line":2,"column":59}},"locations":[{"start":{"line":2,"column":0},"end":{"line":2,"column":59}}]},"68":{"type":"branch","line":2,"loc":{"start":{"line":2,"column":0},"end":{"line":2,"column":59}},"locations":[{"start":{"line":2,"column":0},"end":{"line":2,"column":59}}]},"69":{"type":"branch","line":2,"loc":{"start":{"line":2,"column":0},"end":{"line":2,"column":59}},"locations":[{"start":{"line":2,"column":0},"end":{"line":2,"column":59}}]},"70":{"type":"branch","line":2,"loc":{"start":{"line":2,"column":0},"end":{"line":2,"column":59}},"locations":[{"start":{"line":2,"column":0},"end":{"line":2,"column":59}}]},"71":{"type":"branch","line":2,"loc":{"start":{"line":2,"column":0},"end":{"line":2,"column":59}},"locations":[{"start":{"line":2,"column":0},"end":{"line":2,"column":59}}]},"72":{"type":"branch","line":2,"loc":{"start":{"line":2,"column":0},"end":{"line":2,"column":59}},"locations":[{"start":{"line":2,"column":0},"end":{"line":2,"column":59}}]},"73":{"type":"branch","line":2,"loc":{"start":{"line":2,"column":0},"end":{"line":2,"column":59}},"locations":[{"start":{"line":2,"column":0},"end":{"line":2,"column":59}}]},"74":{"type":"branch","line":2,"loc":{"start":{"line":2,"column":0},"end":{"line":2,"column":59}},"locations":[{"start":{"line":2,"column":0},"end":{"line":2,"column":59}}]},"75":{"type":"branch","line":2,"loc":{"start":{"line":2,"column":0},"end":{"line":2,"column":59}},"locations":[{"start":{"line":2,"column":0},"end":{"line":2,"column":59}}]},"76":{"type":"branch","line":2,"loc":{"start":{"line":2,"column":0},"end":{"line":2,"column":59}},"locations":[{"start":{"line":2,"column":0},"end":{"line":2,"column":59}}]},"77":{"type":"branch","line":18,"loc":{"start":{"line":18,"column":24},"end":{"line":32,"column":3}},"locations":[{"start":{"line":18,"column":24},"end":{"line":32,"column":3}}]},"78":{"type":"branch","line":19,"loc":{"start":{"line":19,"column":2},"end":{"line":30,"column":77}},"locations":[{"start":{"line":19,"column":2},"end":{"line":30,"column":77}}]},"79":{"type":"branch","line":19,"loc":{"start":{"line":19,"column":10},"end":{"line":30,"column":77}},"locations":[{"start":{"line":19,"column":10},"end":{"line":30,"column":77}}]},"80":{"type":"branch","line":19,"loc":{"start":{"line":19,"column":10},"end":{"line":30,"column":77}},"locations":[{"start":{"line":19,"column":10},"end":{"line":30,"column":77}}]},"81":{"type":"branch","line":19,"loc":{"start":{"line":19,"column":10},"end":{"line":21,"column":52}},"locations":[{"start":{"line":19,"column":10},"end":{"line":21,"column":52}}]},"82":{"type":"branch","line":21,"loc":{"start":{"line":21,"column":51},"end":{"line":23,"column":69}},"locations":[{"start":{"line":21,"column":51},"end":{"line":23,"column":69}}]},"83":{"type":"branch","line":22,"loc":{"start":{"line":22,"column":53},"end":{"line":23,"column":69}},"locations":[{"start":{"line":22,"column":53},"end":{"line":23,"column":69}}]},"84":{"type":"branch","line":23,"loc":{"start":{"line":23,"column":68},"end":{"line":25,"column":25}},"locations":[{"start":{"line":23,"column":68},"end":{"line":25,"column":25}}]},"85":{"type":"branch","line":25,"loc":{"start":{"line":25,"column":24},"end":{"line":30,"column":77}},"locations":[{"start":{"line":25,"column":24},"end":{"line":30,"column":77}}]},"86":{"type":"branch","line":28,"loc":{"start":{"line":28,"column":30},"end":{"line":28,"column":46}},"locations":[{"start":{"line":28,"column":30},"end":{"line":28,"column":46}}]},"87":{"type":"branch","line":29,"loc":{"start":{"line":29,"column":49},"end":{"line":29,"column":57}},"locations":[{"start":{"line":29,"column":49},"end":{"line":29,"column":57}}]},"88":{"type":"branch","line":30,"loc":{"start":{"line":30,"column":76},"end":{"line":30,"column":77}},"locations":[{"start":{"line":30,"column":76},"end":{"line":30,"column":77}}]},"89":{"type":"branch","line":30,"loc":{"start":{"line":30,"column":76},"end":{"line":30,"column":77}},"locations":[{"start":{"line":30,"column":76},"end":{"line":30,"column":77}}]},"90":{"type":"branch","line":39,"loc":{"start":{"line":39,"column":17},"end":{"line":53,"column":3}},"locations":[{"start":{"line":39,"column":17},"end":{"line":53,"column":3}}]},"91":{"type":"branch","line":41,"loc":{"start":{"line":41,"column":41},"end":{"line":44,"column":7}},"locations":[{"start":{"line":41,"column":41},"end":{"line":44,"column":7}}]},"92":{"type":"branch","line":45,"loc":{"start":{"line":45,"column":43},"end":{"line":48,"column":7}},"locations":[{"start":{"line":45,"column":43},"end":{"line":48,"column":7}}]},"93":{"type":"branch","line":49,"loc":{"start":{"line":49,"column":42},"end":{"line":52,"column":7}},"locations":[{"start":{"line":49,"column":42},"end":{"line":52,"column":7}}]},"94":{"type":"branch","line":55,"loc":{"start":{"line":55,"column":26},"end":{"line":55,"column":48}},"locations":[{"start":{"line":55,"column":26},"end":{"line":55,"column":48}}]},"95":{"type":"branch","line":56,"loc":{"start":{"line":56,"column":30},"end":{"line":56,"column":55}},"locations":[{"start":{"line":56,"column":30},"end":{"line":56,"column":55}}]},"96":{"type":"branch","line":57,"loc":{"start":{"line":57,"column":28},"end":{"line":57,"column":50}},"locations":[{"start":{"line":57,"column":28},"end":{"line":57,"column":50}}]}},"b":{"0":[0],"1":[0],"2":[0],"3":[0],"4":[0],"5":[0],"6":[2],"7":[26],"8":[2],"9":[0],"10":[0],"11":[6],"12":[0],"13":[4],"14":[12],"15":[4],"16":[2],"17":[4],"18":[0],"19":[0],"20":[6],"21":[0],"22":[3],"23":[1],"24":[0],"25":[2],"26":[2],"27":[4],"28":[2],"29":[4],"30":[0],"31":[2],"32":[0],"33":[5],"34":[4],"35":[2],"36":[2],"37":[0],"38":[0],"39":[0],"40":[2],"41":[0],"42":[2],"43":[0],"44":[2],"45":[0],"46":[1],"47":[0],"48":[0],"49":[0],"50":[0],"51":[1],"52":[4],"53":[8],"54":[4],"55":[0],"56":[0],"57":[0],"58":[0],"59":[0],"60":[0],"61":[0],"62":[0],"63":[4],"64":[0],"65":[0],"66":[0],"67":[1],"68":[0],"69":[4],"70":[0],"71":[2],"72":[2],"73":[2],"74":[2],"75":[3],"76":[1],"77":[2],"78":[2],"79":[6],"80":[7],"81":[2],"82":[1],"83":[0],"84":[1],"85":[1],"86":[0],"87":[0],"88":[0],"89":[2],"90":[2],"91":[3],"92":[1],"93":[1],"94":[1],"95":[1],"96":[1]},"fnMap":{"0":{"name":"_regeneratorRuntime","decl":{"start":{"line":2,"column":0},"end":{"line":2,"column":59}},"loc":{"start":{"line":2,"column":0},"end":{"line":2,"column":59}},"line":2},"1":{"name":"o","decl":{"start":{"line":2,"column":0},"end":{"line":2,"column":59}},"loc":{"start":{"line":2,"column":0},"end":{"line":2,"column":59}},"line":2},"2":{"name":"define","decl":{"start":{"line":2,"column":0},"end":{"line":2,"column":59}},"loc":{"start":{"line":2,"column":0},"end":{"line":2,"column":59}},"line":2},"3":{"name":"define","decl":{"start":{"line":2,"column":0},"end":{"line":2,"column":59}},"loc":{"start":{"line":2,"column":0},"end":{"line":2,"column":59}},"line":2},"4":{"name":"wrap","decl":{"start":{"line":2,"column":0},"end":{"line":2,"column":59}},"loc":{"start":{"line":2,"column":0},"end":{"line":2,"column":59}},"line":2},"5":{"name":"tryCatch","decl":{"start":{"line":2,"column":0},"end":{"line":2,"column":59}},"loc":{"start":{"line":2,"column":0},"end":{"line":2,"column":59}},"line":2},"6":{"name":"Generator","decl":{"start":{"line":2,"column":0},"end":{"line":2,"column":59}},"loc":{"start":{"line":2,"column":0},"end":{"line":2,"column":59}},"line":2},"7":{"name":"GeneratorFunction","decl":{"start":{"line":2,"column":0},"end":{"line":2,"column":59}},"loc":{"start":{"line":2,"column":0},"end":{"line":2,"column":59}},"line":2},"8":{"name":"GeneratorFunctionPrototype","decl":{"start":{"line":2,"column":0},"end":{"line":2,"column":59}},"loc":{"start":{"line":2,"column":0},"end":{"line":2,"column":59}},"line":2},"9":{"name":"defineIteratorMethods","decl":{"start":{"line":2,"column":0},"end":{"line":2,"column":59}},"loc":{"start":{"line":2,"column":0},"end":{"line":2,"column":59}},"line":2},"10":{"name":"AsyncIterator","decl":{"start":{"line":2,"column":0},"end":{"line":2,"column":59}},"loc":{"start":{"line":2,"column":0},"end":{"line":2,"column":59}},"line":2},"11":{"name":"makeInvokeMethod","decl":{"start":{"line":2,"column":0},"end":{"line":2,"column":59}},"loc":{"start":{"line":2,"column":0},"end":{"line":2,"column":59}},"line":2},"12":{"name":"maybeInvokeDelegate","decl":{"start":{"line":2,"column":0},"end":{"line":2,"column":59}},"loc":{"start":{"line":2,"column":0},"end":{"line":2,"column":59}},"line":2},"13":{"name":"pushTryEntry","decl":{"start":{"line":2,"column":0},"end":{"line":2,"column":59}},"loc":{"start":{"line":2,"column":0},"end":{"line":2,"column":59}},"line":2},"14":{"name":"resetTryEntry","decl":{"start":{"line":2,"column":0},"end":{"line":2,"column":59}},"loc":{"start":{"line":2,"column":0},"end":{"line":2,"column":59}},"line":2},"15":{"name":"Context","decl":{"start":{"line":2,"column":0},"end":{"line":2,"column":59}},"loc":{"start":{"line":2,"column":0},"end":{"line":2,"column":59}},"line":2},"16":{"name":"values","decl":{"start":{"line":2,"column":0},"end":{"line":2,"column":59}},"loc":{"start":{"line":2,"column":0},"end":{"line":2,"column":59}},"line":2},"17":{"name":"next","decl":{"start":{"line":2,"column":0},"end":{"line":2,"column":59}},"loc":{"start":{"line":2,"column":0},"end":{"line":2,"column":59}},"line":2},"18":{"name":"e.isGeneratorFunction","decl":{"start":{"line":2,"column":0},"end":{"line":2,"column":59}},"loc":{"start":{"line":2,"column":0},"end":{"line":2,"column":59}},"line":2},"19":{"name":"e.mark","decl":{"start":{"line":2,"column":0},"end":{"line":2,"column":59}},"loc":{"start":{"line":2,"column":0},"end":{"line":2,"column":59}},"line":2},"20":{"name":"e.awrap","decl":{"start":{"line":2,"column":0},"end":{"line":2,"column":59}},"loc":{"start":{"line":2,"column":0},"end":{"line":2,"column":59}},"line":2},"21":{"name":"e.async","decl":{"start":{"line":2,"column":0},"end":{"line":2,"column":59}},"loc":{"start":{"line":2,"column":0},"end":{"line":2,"column":59}},"line":2},"22":{"name":"e.keys","decl":{"start":{"line":2,"column":0},"end":{"line":2,"column":59}},"loc":{"start":{"line":2,"column":0},"end":{"line":2,"column":59}},"line":2},"23":{"name":"reset","decl":{"start":{"line":2,"column":0},"end":{"line":2,"column":59}},"loc":{"start":{"line":2,"column":0},"end":{"line":2,"column":59}},"line":2},"24":{"name":"stop","decl":{"start":{"line":2,"column":0},"end":{"line":2,"column":59}},"loc":{"start":{"line":2,"column":0},"end":{"line":2,"column":59}},"line":2},"25":{"name":"dispatchException","decl":{"start":{"line":2,"column":0},"end":{"line":2,"column":59}},"loc":{"start":{"line":2,"column":0},"end":{"line":2,"column":59}},"line":2},"26":{"name":"handle","decl":{"start":{"line":2,"column":0},"end":{"line":2,"column":59}},"loc":{"start":{"line":2,"column":0},"end":{"line":2,"column":59}},"line":2},"27":{"name":"abrupt","decl":{"start":{"line":2,"column":0},"end":{"line":2,"column":59}},"loc":{"start":{"line":2,"column":0},"end":{"line":2,"column":59}},"line":2},"28":{"name":"complete","decl":{"start":{"line":2,"column":0},"end":{"line":2,"column":59}},"loc":{"start":{"line":2,"column":0},"end":{"line":2,"column":59}},"line":2},"29":{"name":"finish","decl":{"start":{"line":2,"column":0},"end":{"line":2,"column":59}},"loc":{"start":{"line":2,"column":0},"end":{"line":2,"column":59}},"line":2},"30":{"name":"_catch","decl":{"start":{"line":2,"column":0},"end":{"line":2,"column":59}},"loc":{"start":{"line":2,"column":0},"end":{"line":2,"column":59}},"line":2},"31":{"name":"delegateYield","decl":{"start":{"line":2,"column":0},"end":{"line":2,"column":59}},"loc":{"start":{"line":2,"column":0},"end":{"line":2,"column":59}},"line":2},"32":{"name":"asyncGeneratorStep","decl":{"start":{"line":2,"column":0},"end":{"line":2,"column":59}},"loc":{"start":{"line":2,"column":0},"end":{"line":2,"column":59}},"line":2},"33":{"name":"_asyncToGenerator","decl":{"start":{"line":2,"column":0},"end":{"line":2,"column":59}},"loc":{"start":{"line":2,"column":0},"end":{"line":2,"column":59}},"line":2},"34":{"name":"_next","decl":{"start":{"line":2,"column":0},"end":{"line":2,"column":59}},"loc":{"start":{"line":2,"column":0},"end":{"line":2,"column":59}},"line":2},"35":{"name":"_throw","decl":{"start":{"line":2,"column":0},"end":{"line":2,"column":59}},"loc":{"start":{"line":2,"column":0},"end":{"line":2,"column":59}},"line":2},"36":{"name":"_callee","decl":{"start":{"line":19,"column":2},"end":{"line":30,"column":77}},"loc":{"start":{"line":19,"column":2},"end":{"line":30,"column":77}},"line":19},"37":{"name":"_callee$","decl":{"start":{"line":19,"column":10},"end":{"line":30,"column":77}},"loc":{"start":{"line":19,"column":10},"end":{"line":30,"column":77}},"line":19},"38":{"name":"extraReducers","decl":{"start":{"line":39,"column":17},"end":{"line":53,"column":3}},"loc":{"start":{"line":39,"column":17},"end":{"line":53,"column":3}},"line":39},"39":{"name":"selectAllIngredients","decl":{"start":{"line":55,"column":26},"end":{"line":55,"column":48}},"loc":{"start":{"line":55,"column":26},"end":{"line":55,"column":48}},"line":55},"40":{"name":"selectIngredientsLoading","decl":{"start":{"line":56,"column":30},"end":{"line":56,"column":55}},"loc":{"start":{"line":56,"column":30},"end":{"line":56,"column":55}},"line":56},"41":{"name":"selectIngredientsError","decl":{"start":{"line":57,"column":28},"end":{"line":57,"column":50}},"loc":{"start":{"line":57,"column":28},"end":{"line":57,"column":50}},"line":57}},"f":{"0":2,"1":0,"2":26,"3":0,"4":2,"5":6,"6":0,"7":0,"8":0,"9":4,"10":0,"11":2,"12":0,"13":2,"14":5,"15":2,"16":2,"17":0,"18":0,"19":2,"20":0,"21":0,"22":0,"23":2,"24":2,"25":1,"26":1,"27":4,"28":4,"29":0,"30":1,"31":0,"32":4,"33":2,"34":3,"35":1,"36":2,"37":6,"38":2,"39":1,"40":1,"41":1}}
,"C:\\Users\\Petr\\dev\\stellar-burgers\\src\\services\\slices\\orderSlice.ts": {"path":"C:\\Users\\Petr\\dev\\stellar-burgers\\src\\services\\slices\\orderSlice.ts","all":false,"statementMap":{"0":{"start":{"line":1,"column":0},"end":{"line":1,"column":80}},"1":{"start":{"line":2,"column":0},"end":{"line":2,"column":56}},"2":{"start":{"line":3,"column":0},"end":{"line":3,"column":38}},"3":{"start":{"line":4,"column":0},"end":{"line":4,"column":0}},"4":{"start":{"line":5,"column":0},"end":{"line":5,"column":18}},"5":{"start":{"line":6,"column":0},"end":{"line":6,"column":18}},"6":{"start":{"line":7,"column":0},"end":{"line":7,"column":18}},"7":{"start":{"line":8,"column":0},"end":{"line":8,"column":2}},"8":{"start":{"line":9,"column":0},"end":{"line":9,"column":0}},"9":{"start":{"line":10,"column":0},"end":{"line":10,"column":20}},"10":{"start":{"line":11,"column":0},"end":{"line":11,"column":22}},"11":{"start":{"line":12,"column":0},"end":{"line":12,"column":21}},"12":{"start":{"line":13,"column":0},"end":{"line":13,"column":23}},"13":{"start":{"line":14,"column":0},"end":{"line":14,"column":2}},"14":{"start":{"line":15,"column":0},"end":{"line":15,"column":0}},"15":{"start":{"line":16,"column":0},"end":{"line":16,"column":35}},"16":{"start":{"line":17,"column":0},"end":{"line":17,"column":13}},"17":{"start":{"line":18,"column":0},"end":{"line":18,"column":19}},"18":{"start":{"line":19,"column":0},"end":{"line":19,"column":13}},"19":{"start":{"line":20,"column":0},"end":{"line":20,"column":2}},"20":{"start":{"line":21,"column":0},"end":{"line":21,"column":0}},"21":{"start":{"line":22,"column":0},"end":{"line":22,"column":44}},"22":{"start":{"line":23,"column":0},"end":{"line":23,"column":9}},"23":{"start":{"line":24,"column":0},"end":{"line":24,"column":11}},"24":{"start":{"line":25,"column":0},"end":{"line":25,"column":28}},"25":{"start":{"line":26,"column":0},"end":{"line":26,"column":63}},"26":{"start":{"line":27,"column":0},"end":{"line":27,"column":7}},"27":{"start":{"line":28,"column":0},"end":{"line":28,"column":51}},"28":{"start":{"line":29,"column":0},"end":{"line":29,"column":60}},"29":{"start":{"line":30,"column":0},"end":{"line":30,"column":5}},"30":{"start":{"line":31,"column":0},"end":{"line":31,"column":0}},"31":{"start":{"line":32,"column":0},"end":{"line":32,"column":55}},"32":{"start":{"line":33,"column":0},"end":{"line":33,"column":47}},"33":{"start":{"line":34,"column":0},"end":{"line":34,"column":50}},"34":{"start":{"line":35,"column":0},"end":{"line":35,"column":5}},"35":{"start":{"line":36,"column":0},"end":{"line":36,"column":0}},"36":{"start":{"line":37,"column":0},"end":{"line":37,"column":26}},"37":{"start":{"line":38,"column":0},"end":{"line":38,"column":19}},"38":{"start":{"line":39,"column":0},"end":{"line":39,"column":19}},"39":{"start":{"line":40,"column":0},"end":{"line":40,"column":68}},"40":{"start":{"line":41,"column":0},"end":{"line":41,"column":58}},"41":{"start":{"line":42,"column":0},"end":{"line":42,"column":48}},"42":{"start":{"line":43,"column":0},"end":{"line":43,"column":3}},"43":{"start":{"line":44,"column":0},"end":{"line":44,"column":3}},"44":{"start":{"line":45,"column":0},"end":{"line":45,"column":0}},"45":{"start":{"line":46,"column":0},"end":{"line":46,"column":32}},"46":{"start":{"line":47,"column":0},"end":{"line":47,"column":16}},"47":{"start":{"line":48,"column":0},"end":{"line":48,"column":15}},"48":{"start":{"line":49,"column":0},"end":{"line":49,"column":13}},"49":{"start":{"line":50,"column":0},"end":{"line":50,"column":68}},"50":{"start":{"line":51,"column":0},"end":{"line":51,"column":34}},"51":{"start":{"line":52,"column":0},"end":{"line":52,"column":25}},"52":{"start":{"line":53,"column":0},"end":{"line":53,"column":6}},"53":{"start":{"line":54,"column":0},"end":{"line":54,"column":33}},"54":{"start":{"line":55,"column":0},"end":{"line":55,"column":25}},"55":{"start":{"line":56,"column":0},"end":{"line":56,"column":24}},"56":{"start":{"line":57,"column":0},"end":{"line":57,"column":30}},"57":{"start":{"line":58,"column":0},"end":{"line":58,"column":6}},"58":{"start":{"line":59,"column":0},"end":{"line":59,"column":34}},"59":{"start":{"line":60,"column":0},"end":{"line":60,"column":4}},"60":{"start":{"line":61,"column":0},"end":{"line":61,"column":31}},"61":{"start":{"line":62,"column":0},"end":{"line":62,"column":11}},"62":{"start":{"line":63,"column":0},"end":{"line":63,"column":48}},"63":{"start":{"line":64,"column":0},"end":{"line":64,"column":31}},"64":{"start":{"line":65,"column":0},"end":{"line":65,"column":27}},"65":{"start":{"line":66,"column":0},"end":{"line":66,"column":8}},"66":{"start":{"line":67,"column":0},"end":{"line":67,"column":15}},"67":{"start":{"line":68,"column":0},"end":{"line":68,"column":30}},"68":{"start":{"line":69,"column":0},"end":{"line":69,"column":51}},"69":{"start":{"line":70,"column":0},"end":{"line":70,"column":34}},"70":{"start":{"line":71,"column":0},"end":{"line":71,"column":38}},"71":{"start":{"line":72,"column":0},"end":{"line":72,"column":29}},"72":{"start":{"line":73,"column":0},"end":{"line":73,"column":9}},"73":{"start":{"line":74,"column":0},"end":{"line":74,"column":7}},"74":{"start":{"line":75,"column":0},"end":{"line":75,"column":57}},"75":{"start":{"line":76,"column":0},"end":{"line":76,"column":32}},"76":{"start":{"line":77,"column":0},"end":{"line":77,"column":74}},"77":{"start":{"line":78,"column":0},"end":{"line":78,"column":9}},"78":{"start":{"line":79,"column":0},"end":{"line":79,"column":4}},"79":{"start":{"line":80,"column":0},"end":{"line":80,"column":14}},"80":{"start":{"line":81,"column":0},"end":{"line":81,"column":43}},"81":{"start":{"line":82,"column":0},"end":{"line":82,"column":50}},"82":{"start":{"line":83,"column":0},"end":{"line":83,"column":3}},"83":{"start":{"line":84,"column":0},"end":{"line":84,"column":3}},"84":{"start":{"line":85,"column":0},"end":{"line":85,"column":0}},"85":{"start":{"line":86,"column":0},"end":{"line":86,"column":80}},"86":{"start":{"line":87,"column":0},"end":{"line":87,"column":76}},"87":{"start":{"line":88,"column":0},"end":{"line":88,"column":0}},"88":{"start":{"line":89,"column":0},"end":{"line":89,"column":26}}},"s":{"0":1,"1":1,"2":1,"3":1,"4":1,"5":1,"6":1,"7":1,"8":1,"9":1,"10":1,"11":1,"12":1,"13":1,"14":1,"15":1,"16":1,"17":1,"18":1,"19":1,"20":1,"21":1,"22":1,"23":1,"24":1,"25":1,"26":3,"27":3,"28":1,"29":2,"30":2,"31":2,"32":1,"33":0,"34":1,"35":1,"36":1,"37":2,"38":2,"39":2,"40":2,"41":2,"42":2,"43":1,"44":1,"45":1,"46":1,"47":1,"48":1,"49":1,"50":2,"51":2,"52":1,"53":1,"54":1,"55":1,"56":1,"57":1,"58":1,"59":1,"60":1,"61":2,"62":2,"63":4,"64":4,"65":2,"66":2,"67":2,"68":2,"69":1,"70":1,"71":1,"72":1,"73":2,"74":2,"75":3,"76":3,"77":2,"78":1,"79":1,"80":1,"81":1,"82":1,"83":1,"84":1,"85":1,"86":1,"87":1,"88":1},"branchMap":{"0":{"type":"branch","line":2,"loc":{"start":{"line":2,"column":0},"end":{"line":2,"column":56}},"locations":[{"start":{"line":2,"column":0},"end":{"line":2,"column":56}}]},"1":{"type":"branch","line":2,"loc":{"start":{"line":2,"column":0},"end":{"line":2,"column":56}},"locations":[{"start":{"line":2,"column":0},"end":{"line":2,"column":56}}]},"2":{"type":"branch","line":2,"loc":{"start":{"line":2,"column":0},"end":{"line":2,"column":56}},"locations":[{"start":{"line":2,"column":0},"end":{"line":2,"column":56}}]},"3":{"type":"branch","line":2,"loc":{"start":{"line":2,"column":0},"end":{"line":2,"column":56}},"locations":[{"start":{"line":2,"column":0},"end":{"line":2,"column":56}}]},"4":{"type":"branch","line":2,"loc":{"start":{"line":2,"column":0},"end":{"line":2,"column":56}},"locations":[{"start":{"line":2,"column":0},"end":{"line":2,"column":56}}]},"5":{"type":"branch","line":2,"loc":{"start":{"line":2,"column":0},"end":{"line":2,"column":56}},"locations":[{"start":{"line":2,"column":0},"end":{"line":2,"column":56}}]},"6":{"type":"branch","line":2,"loc":{"start":{"line":2,"column":0},"end":{"line":2,"column":56}},"locations":[{"start":{"line":2,"column":0},"end":{"line":2,"column":56}}]},"7":{"type":"branch","line":2,"loc":{"start":{"line":2,"column":0},"end":{"line":2,"column":56}},"locations":[{"start":{"line":2,"column":0},"end":{"line":2,"column":56}}]},"8":{"type":"branch","line":2,"loc":{"start":{"line":2,"column":0},"end":{"line":2,"column":56}},"locations":[{"start":{"line":2,"column":0},"end":{"line":2,"column":56}}]},"9":{"type":"branch","line":2,"loc":{"start":{"line":2,"column":0},"end":{"line":2,"column":56}},"locations":[{"start":{"line":2,"column":0},"end":{"line":2,"column":56}}]},"10":{"type":"branch","line":2,"loc":{"start":{"line":2,"column":0},"end":{"line":2,"column":56}},"locations":[{"start":{"line":2,"column":0},"end":{"line":2,"column":56}}]},"11":{"type":"branch","line":2,"loc":{"start":{"line":2,"column":0},"end":{"line":2,"column":56}},"locations":[{"start":{"line":2,"column":0},"end":{"line":2,"column":56}}]},"12":{"type":"branch","line":2,"loc":{"start":{"line":2,"column":0},"end":{"line":2,"column":56}},"locations":[{"start":{"line":2,"column":0},"end":{"line":2,"column":56}}]},"13":{"type":"branch","line":2,"loc":{"start":{"line":2,"column":0},"end":{"line":2,"column":56}},"locations":[{"start":{"line":2,"column":0},"end":{"line":2,"column":56}}]},"14":{"type":"branch","line":2,"loc":{"start":{"line":2,"column":0},"end":{"line":2,"column":56}},"locations":[{"start":{"line":2,"column":0},"end":{"line":2,"column":56}}]},"15":{"type":"branch","line":2,"loc":{"start":{"line":2,"column":0},"end":{"line":2,"column":56}},"locations":[{"start":{"line":2,"column":0},"end":{"line":2,"column":56}}]},"16":{"type":"branch","line":2,"loc":{"start":{"line":2,"column":0},"end":{"line":2,"column":56}},"locations":[{"start":{"line":2,"column":0},"end":{"line":2,"column":56}}]},"17":{"type":"branch","line":2,"loc":{"start":{"line":2,"column":0},"end":{"line":2,"column":56}},"locations":[{"start":{"line":2,"column":0},"end":{"line":2,"column":56}}]},"18":{"type":"branch","line":2,"loc":{"start":{"line":2,"column":0},"end":{"line":2,"column":56}},"locations":[{"start":{"line":2,"column":0},"end":{"line":2,"column":56}}]},"19":{"type":"branch","line":2,"loc":{"start":{"line":2,"column":0},"end":{"line":2,"column":56}},"locations":[{"start":{"line":2,"column":0},"end":{"line":2,"column":56}}]},"20":{"type":"branch","line":2,"loc":{"start":{"line":2,"column":0},"end":{"line":2,"column":56}},"locations":[{"start":{"line":2,"column":0},"end":{"line":2,"column":56}}]},"21":{"type":"branch","line":2,"loc":{"start":{"line":2,"column":0},"end":{"line":2,"column":56}},"locations":[{"start":{"line":2,"column":0},"end":{"line":2,"column":56}}]},"22":{"type":"branch","line":2,"loc":{"start":{"line":2,"column":0},"end":{"line":2,"column":56}},"locations":[{"start":{"line":2,"column":0},"end":{"line":2,"column":56}}]},"23":{"type":"branch","line":2,"loc":{"start":{"line":2,"column":0},"end":{"line":2,"column":56}},"locations":[{"start":{"line":2,"column":0},"end":{"line":2,"column":56}}]},"24":{"type":"branch","line":2,"loc":{"start":{"line":2,"column":0},"end":{"line":2,"column":56}},"locations":[{"start":{"line":2,"column":0},"end":{"line":2,"column":56}}]},"25":{"type":"branch","line":2,"loc":{"start":{"line":2,"column":0},"end":{"line":2,"column":56}},"locations":[{"start":{"line":2,"column":0},"end":{"line":2,"column":56}}]},"26":{"type":"branch","line":2,"loc":{"start":{"line":2,"column":0},"end":{"line":2,"column":56}},"locations":[{"start":{"line":2,"column":0},"end":{"line":2,"column":56}}]},"27":{"type":"branch","line":2,"loc":{"start":{"line":2,"column":0},"end":{"line":2,"column":56}},"locations":[{"start":{"line":2,"column":0},"end":{"line":2,"column":56}}]},"28":{"type":"branch","line":2,"loc":{"start":{"line":2,"column":0},"end":{"line":2,"column":56}},"locations":[{"start":{"line":2,"column":0},"end":{"line":2,"column":56}}]},"29":{"type":"branch","line":2,"loc":{"start":{"line":2,"column":0},"end":{"line":2,"column":56}},"locations":[{"start":{"line":2,"column":0},"end":{"line":2,"column":56}}]},"30":{"type":"branch","line":2,"loc":{"start":{"line":2,"column":0},"end":{"line":2,"column":56}},"locations":[{"start":{"line":2,"column":0},"end":{"line":2,"column":56}}]},"31":{"type":"branch","line":2,"loc":{"start":{"line":2,"column":0},"end":{"line":2,"column":56}},"locations":[{"start":{"line":2,"column":0},"end":{"line":2,"column":56}}]},"32":{"type":"branch","line":2,"loc":{"start":{"line":2,"column":0},"end":{"line":2,"column":56}},"locations":[{"start":{"line":2,"column":0},"end":{"line":2,"column":56}}]},"33":{"type":"branch","line":2,"loc":{"start":{"line":2,"column":0},"end":{"line":2,"column":56}},"locations":[{"start":{"line":2,"column":0},"end":{"line":2,"column":56}}]},"34":{"type":"branch","line":2,"loc":{"start":{"line":2,"column":0},"end":{"line":2,"column":56}},"locations":[{"start":{"line":2,"column":0},"end":{"line":2,"column":56}}]},"35":{"type":"branch","line":2,"loc":{"start":{"line":2,"column":0},"end":{"line":2,"column":56}},"locations":[{"start":{"line":2,"column":0},"end":{"line":2,"column":56}}]},"36":{"type":"branch","line":2,"loc":{"start":{"line":2,"column":0},"end":{"line":2,"column":56}},"locations":[{"start":{"line":2,"column":0},"end":{"line":2,"column":56}}]},"37":{"type":"branch","line":2,"loc":{"start":{"line":2,"column":0},"end":{"line":2,"column":56}},"locations":[{"start":{"line":2,"column":0},"end":{"line":2,"column":56}}]},"38":{"type":"branch","line":2,"loc":{"start":{"line":2,"column":0},"end":{"line":2,"column":56}},"locations":[{"start":{"line":2,"column":0},"end":{"line":2,"column":56}}]},"39":{"type":"branch","line":2,"loc":{"start":{"line":2,"column":0},"end":{"line":2,"column":56}},"locations":[{"start":{"line":2,"column":0},"end":{"line":2,"column":56}}]},"40":{"type":"branch","line":2,"loc":{"start":{"line":2,"column":0},"end":{"line":2,"column":56}},"locations":[{"start":{"line":2,"column":0},"end":{"line":2,"column":56}}]},"41":{"type":"branch","line":2,"loc":{"start":{"line":2,"column":0},"end":{"line":2,"column":56}},"locations":[{"start":{"line":2,"column":0},"end":{"line":2,"column":56}}]},"42":{"type":"branch","line":2,"loc":{"start":{"line":2,"column":0},"end":{"line":2,"column":56}},"locations":[{"start":{"line":2,"column":0},"end":{"line":2,"column":56}}]},"43":{"type":"branch","line":2,"loc":{"start":{"line":2,"column":0},"end":{"line":2,"column":56}},"locations":[{"start":{"line":2,"column":0},"end":{"line":2,"column":56}}]},"44":{"type":"branch","line":2,"loc":{"start":{"line":2,"column":0},"end":{"line":2,"column":56}},"locations":[{"start":{"line":2,"column":0},"end":{"line":2,"column":56}}]},"45":{"type":"branch","line":2,"loc":{"start":{"line":2,"column":0},"end":{"line":2,"column":56}},"locations":[{"start":{"line":2,"column":0},"end":{"line":2,"column":56}}]},"46":{"type":"branch","line":2,"loc":{"start":{"line":2,"column":0},"end":{"line":2,"column":56}},"locations":[{"start":{"line":2,"column":0},"end":{"line":2,"column":56}}]},"47":{"type":"branch","line":2,"loc":{"start":{"line":2,"column":0},"end":{"line":2,"column":56}},"locations":[{"start":{"line":2,"column":0},"end":{"line":2,"column":56}}]},"48":{"type":"branch","line":2,"loc":{"start":{"line":2,"column":0},"end":{"line":2,"column":56}},"locations":[{"start":{"line":2,"column":0},"end":{"line":2,"column":56}}]},"49":{"type":"branch","line":2,"loc":{"start":{"line":2,"column":0},"end":{"line":2,"column":56}},"locations":[{"start":{"line":2,"column":0},"end":{"line":2,"column":56}}]},"50":{"type":"branch","line":2,"loc":{"start":{"line":2,"column":0},"end":{"line":2,"column":56}},"locations":[{"start":{"line":2,"column":0},"end":{"line":2,"column":56}}]},"51":{"type":"branch","line":2,"loc":{"start":{"line":2,"column":0},"end":{"line":2,"column":56}},"locations":[{"start":{"line":2,"column":0},"end":{"line":2,"column":56}}]},"52":{"type":"branch","line":2,"loc":{"start":{"line":2,"column":0},"end":{"line":2,"column":56}},"locations":[{"start":{"line":2,"column":0},"end":{"line":2,"column":56}}]},"53":{"type":"branch","line":2,"loc":{"start":{"line":2,"column":0},"end":{"line":2,"column":56}},"locations":[{"start":{"line":2,"column":0},"end":{"line":2,"column":56}}]},"54":{"type":"branch","line":2,"loc":{"start":{"line":2,"column":0},"end":{"line":2,"column":56}},"locations":[{"start":{"line":2,"column":0},"end":{"line":2,"column":56}}]},"55":{"type":"branch","line":2,"loc":{"start":{"line":2,"column":0},"end":{"line":2,"column":56}},"locations":[{"start":{"line":2,"column":0},"end":{"line":2,"column":56}}]},"56":{"type":"branch","line":2,"loc":{"start":{"line":2,"column":0},"end":{"line":2,"column":56}},"locations":[{"start":{"line":2,"column":0},"end":{"line":2,"column":56}}]},"57":{"type":"branch","line":2,"loc":{"start":{"line":2,"column":0},"end":{"line":2,"column":56}},"locations":[{"start":{"line":2,"column":0},"end":{"line":2,"column":56}}]},"58":{"type":"branch","line":2,"loc":{"start":{"line":2,"column":0},"end":{"line":2,"column":56}},"locations":[{"start":{"line":2,"column":0},"end":{"line":2,"column":56}}]},"59":{"type":"branch","line":2,"loc":{"start":{"line":2,"column":0},"end":{"line":2,"column":56}},"locations":[{"start":{"line":2,"column":0},"end":{"line":2,"column":56}}]},"60":{"type":"branch","line":2,"loc":{"start":{"line":2,"column":0},"end":{"line":2,"column":56}},"locations":[{"start":{"line":2,"column":0},"end":{"line":2,"column":56}}]},"61":{"type":"branch","line":2,"loc":{"start":{"line":2,"column":0},"end":{"line":2,"column":56}},"locations":[{"start":{"line":2,"column":0},"end":{"line":2,"column":56}}]},"62":{"type":"branch","line":2,"loc":{"start":{"line":2,"column":0},"end":{"line":2,"column":56}},"locations":[{"start":{"line":2,"column":0},"end":{"line":2,"column":56}}]},"63":{"type":"branch","line":2,"loc":{"start":{"line":2,"column":0},"end":{"line":2,"column":56}},"locations":[{"start":{"line":2,"column":0},"end":{"line":2,"column":56}}]},"64":{"type":"branch","line":2,"loc":{"start":{"line":2,"column":0},"end":{"line":2,"column":56}},"locations":[{"start":{"line":2,"column":0},"end":{"line":2,"column":56}}]},"65":{"type":"branch","line":2,"loc":{"start":{"line":2,"column":0},"end":{"line":2,"column":56}},"locations":[{"start":{"line":2,"column":0},"end":{"line":2,"column":56}}]},"66":{"type":"branch","line":2,"loc":{"start":{"line":2,"column":0},"end":{"line":2,"column":56}},"locations":[{"start":{"line":2,"column":0},"end":{"line":2,"column":56}}]},"67":{"type":"branch","line":2,"loc":{"start":{"line":2,"column":0},"end":{"line":2,"column":56}},"locations":[{"start":{"line":2,"column":0},"end":{"line":2,"column":56}}]},"68":{"type":"branch","line":2,"loc":{"start":{"line":2,"column":0},"end":{"line":2,"column":56}},"locations":[{"start":{"line":2,"column":0},"end":{"line":2,"column":56}}]},"69":{"type":"branch","line":2,"loc":{"start":{"line":2,"column":0},"end":{"line":2,"column":56}},"locations":[{"start":{"line":2,"column":0},"end":{"line":2,"column":56}}]},"70":{"type":"branch","line":2,"loc":{"start":{"line":2,"column":0},"end":{"line":2,"column":56}},"locations":[{"start":{"line":2,"column":0},"end":{"line":2,"column":56}}]},"71":{"type":"branch","line":2,"loc":{"start":{"line":2,"column":0},"end":{"line":2,"column":56}},"locations":[{"start":{"line":2,"column":0},"end":{"line":2,"column":56}}]},"72":{"type":"branch","line":2,"loc":{"start":{"line":2,"column":0},"end":{"line":2,"column":56}},"locations":[{"start":{"line":2,"column":0},"end":{"line":2,"column":56}}]},"73":{"type":"branch","line":2,"loc":{"start":{"line":2,"column":0},"end":{"line":2,"column":56}},"locations":[{"start":{"line":2,"column":0},"end":{"line":2,"column":56}}]},"74":{"type":"branch","line":2,"loc":{"start":{"line":2,"column":0},"end":{"line":2,"column":56}},"locations":[{"start":{"line":2,"column":0},"end":{"line":2,"column":56}}]},"75":{"type":"branch","line":2,"loc":{"start":{"line":2,"column":0},"end":{"line":2,"column":56}},"locations":[{"start":{"line":2,"column":0},"end":{"line":2,"column":56}}]},"76":{"type":"branch","line":2,"loc":{"start":{"line":2,"column":0},"end":{"line":2,"column":56}},"locations":[{"start":{"line":2,"column":0},"end":{"line":2,"column":56}}]},"77":{"type":"branch","line":2,"loc":{"start":{"line":2,"column":0},"end":{"line":2,"column":56}},"locations":[{"start":{"line":2,"column":0},"end":{"line":2,"column":56}}]},"78":{"type":"branch","line":2,"loc":{"start":{"line":2,"column":0},"end":{"line":2,"column":56}},"locations":[{"start":{"line":2,"column":0},"end":{"line":2,"column":56}}]},"79":{"type":"branch","line":2,"loc":{"start":{"line":2,"column":0},"end":{"line":2,"column":56}},"locations":[{"start":{"line":2,"column":0},"end":{"line":2,"column":56}}]},"80":{"type":"branch","line":26,"loc":{"start":{"line":26,"column":16},"end":{"line":44,"column":2}},"locations":[{"start":{"line":26,"column":16},"end":{"line":44,"column":2}}]},"81":{"type":"branch","line":26,"loc":{"start":{"line":26,"column":18},"end":{"line":42,"column":48}},"locations":[{"start":{"line":26,"column":18},"end":{"line":42,"column":48}}]},"82":{"type":"branch","line":26,"loc":{"start":{"line":26,"column":36},"end":{"line":42,"column":48}},"locations":[{"start":{"line":26,"column":36},"end":{"line":42,"column":48}}]},"83":{"type":"branch","line":26,"loc":{"start":{"line":26,"column":36},"end":{"line":42,"column":48}},"locations":[{"start":{"line":26,"column":36},"end":{"line":42,"column":48}}]},"84":{"type":"branch","line":26,"loc":{"start":{"line":26,"column":36},"end":{"line":29,"column":60}},"locations":[{"start":{"line":26,"column":36},"end":{"line":29,"column":60}}]},"85":{"type":"branch","line":28,"loc":{"start":{"line":28,"column":48},"end":{"line":28,"column":51}},"locations":[{"start":{"line":28,"column":48},"end":{"line":28,"column":51}}]},"86":{"type":"branch","line":28,"loc":{"start":{"line":28,"column":48},"end":{"line":29,"column":60}},"locations":[{"start":{"line":28,"column":48},"end":{"line":29,"column":60}}]},"87":{"type":"branch","line":29,"loc":{"start":{"line":29,"column":59},"end":{"line":32,"column":55}},"locations":[{"start":{"line":29,"column":59},"end":{"line":32,"column":55}}]},"88":{"type":"branch"
[...]
5}},"210":{"start":{"line":211,"column":0},"end":{"line":211,"column":14}},"211":{"start":{"line":212,"column":0},"end":{"line":212,"column":45}},"212":{"start":{"line":213,"column":0},"end":{"line":213,"column":20}},"213":{"start":{"line":214,"column":0},"end":{"line":214,"column":5}},"214":{"start":{"line":215,"column":0},"end":{"line":215,"column":0}},"215":{"start":{"line":216,"column":0},"end":{"line":216,"column":62}},"216":{"start":{"line":217,"column":0},"end":{"line":217,"column":55}},"217":{"start":{"line":218,"column":0},"end":{"line":218,"column":20}},"218":{"start":{"line":219,"column":0},"end":{"line":219,"column":14}},"219":{"start":{"line":220,"column":0},"end":{"line":220,"column":55}},"220":{"start":{"line":221,"column":0},"end":{"line":221,"column":45}},"221":{"start":{"line":222,"column":0},"end":{"line":222,"column":21}},"222":{"start":{"line":223,"column":0},"end":{"line":223,"column":30}},"223":{"start":{"line":224,"column":0},"end":{"line":224,"column":5}},"224":{"start":{"line":225,"column":0},"end":{"line":225,"column":0}},"225":{"start":{"line":226,"column":0},"end":{"line":226,"column":30}},"226":{"start":{"line":227,"column":0},"end":{"line":227,"column":31}},"227":{"start":{"line":228,"column":0},"end":{"line":228,"column":19}},"228":{"start":{"line":229,"column":0},"end":{"line":229,"column":14}},"229":{"start":{"line":230,"column":0},"end":{"line":230,"column":54}},"230":{"start":{"line":231,"column":0},"end":{"line":231,"column":6}},"231":{"start":{"line":232,"column":0},"end":{"line":232,"column":26}},"232":{"start":{"line":233,"column":0},"end":{"line":233,"column":49}},"233":{"start":{"line":234,"column":0},"end":{"line":234,"column":6}},"234":{"start":{"line":235,"column":0},"end":{"line":235,"column":60}}},"s":{"0":1,"1":0,"2":1,"3":1,"4":1,"5":1,"6":0,"7":1,"8":1,"9":1,"10":1,"11":1,"12":1,"13":1,"14":1,"15":1,"16":1,"17":1,"18":0,"19":0,"20":0,"21":0,"22":0,"23":0,"24":0,"25":0,"26":0,"27":0,"28":0,"29":0,"30":0,"31":0,"32":0,"33":0,"34":0,"35":0,"36":1,"37":1,"38":0,"39":0,"40":0,"41":0,"42":0,"43":0,"44":0,"45":0,"46":0,"47":0,"48":0,"49":0,"50":0,"51":0,"52":0,"53":0,"54":0,"55":1,"56":1,"57":1,"58":1,"59":1,"60":1,"61":1,"62":1,"63":1,"64":1,"65":1,"66":1,"67":1,"68":1,"69":1,"70":1,"71":1,"72":1,"73":1,"74":0,"75":0,"76":0,"77":0,"78":0,"79":0,"80":1,"81":1,"82":0,"83":0,"84":0,"85":0,"86":0,"87":0,"88":1,"89":1,"90":0,"91":0,"92":0,"93":0,"94":0,"95":0,"96":0,"97":0,"98":0,"99":0,"100":1,"101":1,"102":1,"103":1,"104":1,"105":1,"106":1,"107":0,"108":0,"109":0,"110":0,"111":0,"112":0,"113":0,"114":0,"115":0,"116":0,"117":0,"118":0,"119":0,"120":1,"121":1,"122":1,"123":1,"124":1,"125":1,"126":0,"127":0,"128":0,"129":0,"130":0,"131":0,"132":1,"133":1,"134":1,"135":1,"136":1,"137":1,"138":1,"139":1,"140":1,"141":1,"142":1,"143":1,"144":1,"145":1,"146":0,"147":0,"148":0,"149":0,"150":0,"151":0,"152":0,"153":0,"154":0,"155":0,"156":0,"157":0,"158":1,"159":1,"160":1,"161":1,"162":1,"163":1,"164":1,"165":0,"166":0,"167":0,"168":0,"169":0,"170":0,"171":0,"172":0,"173":0,"174":0,"175":0,"176":0,"177":1,"178":1,"179":0,"180":0,"181":0,"182":0,"183":0,"184":0,"185":0,"186":0,"187":0,"188":0,"189":0,"190":0,"191":1,"192":1,"193":0,"194":0,"195":0,"196":0,"197":0,"198":0,"199":0,"200":0,"201":0,"202":0,"203":0,"204":0,"205":1,"206":1,"207":1,"208":1,"209":0,"210":0,"211":0,"212":0,"213":0,"214":1,"215":1,"216":0,"217":0,"218":0,"219":0,"220":0,"221":0,"222":0,"223":0,"224":1,"225":1,"226":0,"227":0,"228":0,"229":0,"230":0,"231":0,"232":0,"233":0,"234":0},"branchMap":{"0":{"type":"branch","line":2,"loc":{"start":{"line":2,"column":-2},"end":{"line":2,"column":66}},"locations":[{"start":{"line":2,"column":-2},"end":{"line":2,"column":66}}]},"1":{"type":"branch","line":2,"loc":{"start":{"line":2,"column":0},"end":{"line":2,"column":66}},"locations":[{"start":{"line":2,"column":0},"end":{"line":2,"column":66}}]},"2":{"type":"branch","line":2,"loc":{"start":{"line":2,"column":0},"end":{"line":2,"column":66}},"locations":[{"start":{"line":2,"column":0},"end":{"line":2,"column":66}}]},"3":{"type":"branch","line":2,"loc":{"start":{"line":2,"column":0},"end":{"line":2,"column":66}},"locations":[{"start":{"line":2,"column":0},"end":{"line":2,"column":66}}]},"4":{"type":"branch","line":2,"loc":{"start":{"line":2,"column":0},"end":{"line":2,"column":66}},"locations":[{"start":{"line":2,"column":0},"end":{"line":2,"column":66}}]},"5":{"type":"branch","line":2,"loc":{"start":{"line":2,"column":0},"end":{"line":2,"column":66}},"locations":[{"start":{"line":2,"column":0},"end":{"line":2,"column":66}}]},"6":{"type":"branch","line":2,"loc":{"start":{"line":2,"column":0},"end":{"line":2,"column":66}},"locations":[{"start":{"line":2,"column":0},"end":{"line":2,"column":66}}]},"7":{"type":"branch","line":2,"loc":{"start":{"line":2,"column":0},"end":{"line":2,"column":66}},"locations":[{"start":{"line":2,"column":0},"end":{"line":2,"column":66}}]},"8":{"type":"branch","line":2,"loc":{"start":{"line":2,"column":0},"end":{"line":2,"column":66}},"locations":[{"start":{"line":2,"column":0},"end":{"line":2,"column":66}}]},"9":{"type":"branch","line":2,"loc":{"start":{"line":2,"column":0},"end":{"line":2,"column":66}},"locations":[{"start":{"line":2,"column":0},"end":{"line":2,"column":66}}]},"10":{"type":"branch","line":2,"loc":{"start":{"line":2,"column":0},"end":{"line":2,"column":66}},"locations":[{"start":{"line":2,"column":0},"end":{"line":2,"column":66}}]},"11":{"type":"branch","line":2,"loc":{"start":{"line":2,"column":0},"end":{"line":2,"column":66}},"locations":[{"start":{"line":2,"column":0},"end":{"line":2,"column":66}}]},"12":{"type":"branch","line":2,"loc":{"start":{"line":2,"column":0},"end":{"line":2,"column":66}},"locations":[{"start":{"line":2,"column":0},"end":{"line":2,"column":66}}]},"13":{"type":"branch","line":2,"loc":{"start":{"line":2,"column":0},"end":{"line":2,"column":66}},"locations":[{"start":{"line":2,"column":0},"end":{"line":2,"column":66}}]},"14":{"type":"branch","line":2,"loc":{"start":{"line":2,"column":0},"end":{"line":2,"column":66}},"locations":[{"start":{"line":2,"column":0},"end":{"line":2,"column":66}}]},"15":{"type":"branch","line":2,"loc":{"start":{"line":2,"column":0},"end":{"line":2,"column":66}},"locations":[{"start":{"line":2,"column":0},"end":{"line":2,"column":66}}]},"16":{"type":"branch","line":2,"loc":{"start":{"line":2,"column":0},"end":{"line":2,"column":66}},"locations":[{"start":{"line":2,"column":0},"end":{"line":2,"column":66}}]},"17":{"type":"branch","line":38,"loc":{"start":{"line":38,"column":29},"end":{"line":38,"column":32}},"locations":[{"start":{"line":38,"column":29},"end":{"line":38,"column":32}}]}},"b":{"0":[4],"1":[0],"2":[0],"3":[0],"4":[0],"5":[0],"6":[0],"7":[52],"8":[8],"9":[24],"10":[4],"11":[0],"12":[0],"13":[0],"14":[4],"15":[0],"16":[4],"17":[4]},"fnMap":{"0":{"name":"_regeneratorRuntime","decl":{"start":{"line":2,"column":-2},"end":{"line":2,"column":66}},"loc":{"start":{"line":2,"column":-2},"end":{"line":2,"column":66}},"line":2},"1":{"name":"_regeneratorRuntime","decl":{"start":{"line":2,"column":0},"end":{"line":2,"column":66}},"loc":{"start":{"line":2,"column":0},"end":{"line":2,"column":66}},"line":2},"2":{"name":"o","decl":{"start":{"line":2,"column":0},"end":{"line":2,"column":66}},"loc":{"start":{"line":2,"column":0},"end":{"line":2,"column":66}},"line":2},"3":{"name":"define","decl":{"start":{"line":2,"column":0},"end":{"line":2,"column":66}},"loc":{"start":{"line":2,"column":0},"end":{"line":2,"column":66}},"line":2},"4":{"name":"define","decl":{"start":{"line":2,"column":0},"end":{"line":2,"column":66}},"loc":{"start":{"line":2,"column":0},"end":{"line":2,"column":66}},"line":2},"5":{"name":"wrap","decl":{"start":{"line":2,"column":0},"end":{"line":2,"column":66}},"loc":{"start":{"line":2,"column":0},"end":{"line":2,"column":66}},"line":2},"6":{"name":"tryCatch","decl":{"start":{"line":2,"column":0},"end":{"line":2,"column":66}},"loc":{"start":{"line":2,"column":0},"end":{"line":2,"column":66}},"line":2},"7":{"name":"Generator","decl":{"start":{"line":2,"column":0},"end":{"line":2,"column":66}},"loc":{"start":{"line":2,"column":0},"end":{"line":2,"column":66}},"line":2},"8":{"name":"GeneratorFunction","decl":{"start":{"line":2,"column":0},"end":{"line":2,"column":66}},"loc":{"start":{"line":2,"column":0},"end":{"line":2,"column":66}},"line":2},"9":{"name":"GeneratorFunctionPrototype","decl":{"start":{"line":2,"column":0},"end":{"line":2,"column":66}},"loc":{"start":{"line":2,"column":0},"end":{"line":2,"column":66}},"line":2},"10":{"name":"defineIteratorMethods","decl":{"start":{"line":2,"column":0},"end":{"line":2,"column":66}},"loc":{"start":{"line":2,"column":0},"end":{"line":2,"column":66}},"line":2},"11":{"name":"AsyncIterator","decl":{"start":{"line":2,"column":0},"end":{"line":2,"column":66}},"loc":{"start":{"line":2,"column":0},"end":{"line":2,"column":66}},"line":2},"12":{"name":"makeInvokeMethod","decl":{"start":{"line":2,"column":0},"end":{"line":2,"column":66}},"loc":{"start":{"line":2,"column":0},"end":{"line":2,"column":66}},"line":2},"13":{"name":"maybeInvokeDelegate","decl":{"start":{"line":2,"column":0},"end":{"line":2,"column":66}},"loc":{"start":{"line":2,"column":0},"end":{"line":2,"column":66}},"line":2},"14":{"name":"pushTryEntry","decl":{"start":{"line":2,"column":0},"end":{"line":2,"column":66}},"loc":{"start":{"line":2,"column":0},"end":{"line":2,"column":66}},"line":2},"15":{"name":"resetTryEntry","decl":{"start":{"line":2,"column":0},"end":{"line":2,"column":66}},"loc":{"start":{"line":2,"column":0},"end":{"line":2,"column":66}},"line":2},"16":{"name":"Context","decl":{"start":{"line":2,"column":0},"end":{"line":2,"column":66}},"loc":{"start":{"line":2,"column":0},"end":{"line":2,"column":66}},"line":2},"17":{"name":"values","decl":{"start":{"line":2,"column":0},"end":{"line":2,"column":66}},"loc":{"start":{"line":2,"column":0},"end":{"line":2,"column":66}},"line":2},"18":{"name":"next","decl":{"start":{"line":2,"column":0},"end":{"line":2,"column":66}},"loc":{"start":{"line":2,"column":0},"end":{"line":2,"column":66}},"line":2},"19":{"name":"e.isGeneratorFunction","decl":{"start":{"line":2,"column":0},"end":{"line":2,"column":66}},"loc":{"start":{"line":2,"column":0},"end":{"line":2,"column":66}},"line":2},"20":{"name":"e.mark","decl":{"start":{"line":2,"column":0},"end":{"line":2,"column":66}},"loc":{"start":{"line":2,"column":0},"end":{"line":2,"column":66}},"line":2},"21":{"name":"e.awrap","decl":{"start":{"line":2,"column":0},"end":{"line":2,"column":66}},"loc":{"start":{"line":2,"column":0},"end":{"line":2,"column":66}},"line":2},"22":{"name":"e.async","decl":{"start":{"line":2,"column":0},"end":{"line":2,"column":66}},"loc":{"start":{"line":2,"column":0},"end":{"line":2,"column":66}},"line":2},"23":{"name":"e.keys","decl":{"start":{"line":2,"column":0},"end":{"line":2,"column":66}},"loc":{"start":{"line":2,"column":0},"end":{"line":2,"column":66}},"line":2},"24":{"name":"reset","decl":{"start":{"line":2,"column":0},"end":{"line":2,"column":66}},"loc":{"start":{"line":2,"column":0},"end":{"line":2,"column":66}},"line":2},"25":{"name":"stop","decl":{"start":{"line":2,"column":0},"end":{"line":2,"column":66}},"loc":{"start":{"line":2,"column":0},"end":{"line":2,"column":66}},"line":2},"26":{"name":"dispatchException","decl":{"start":{"line":2,"column":0},"end":{"line":2,"column":66}},"loc":{"start":{"line":2,"column":0},"end":{"line":2,"column":66}},"line":2},"27":{"name":"abrupt","decl":{"start":{"line":2,"column":0},"end":{"line":2,"column":66}},"loc":{"start":{"line":2,"column":0},"end":{"line":2,"column":66}},"line":2},"28":{"name":"complete","decl":{"start":{"line":2,"column":0},"end":{"line":2,"column":66}},"loc":{"start":{"line":2,"column":0},"end":{"line":2,"column":66}},"line":2},"29":{"name":"finish","decl":{"start":{"line":2,"column":0},"end":{"line":2,"column":66}},"loc":{"start":{"line":2,"column":0},"end":{"line":2,"column":66}},"line":2},"30":{"name":"_catch","decl":{"start":{"line":2,"column":0},"end":{"line":2,"column":66}},"loc":{"start":{"line":2,"column":0},"end":{"line":2,"column":66}},"line":2},"31":{"name":"delegateYield","decl":{"start":{"line":2,"column":0},"end":{"line":2,"column":66}},"loc":{"start":{"line":2,"column":0},"end":{"line":2,"column":66}},"line":2},"32":{"name":"asyncGeneratorStep","decl":{"start":{"line":2,"column":0},"end":{"line":2,"column":66}},"loc":{"start":{"line":2,"column":0},"end":{"line":2,"column":66}},"line":2},"33":{"name":"_asyncToGenerator","decl":{"start":{"line":2,"column":0},"end":{"line":2,"column":66}},"loc":{"start":{"line":2,"column":0},"end":{"line":2,"column":66}},"line":2},"34":{"name":"checkResponse","decl":{"start":{"line":6,"column":22},"end":{"line":7,"column":70}},"loc":{"start":{"line":6,"column":22},"end":{"line":7,"column":70}},"line":6},"35":{"name":"refreshToken","decl":{"start":{"line":18,"column":28},"end":{"line":36,"column":7}},"loc":{"start":{"line":18,"column":28},"end":{"line":36,"column":7}},"line":18},"36":{"name":"_callee","decl":{"start":{"line":38,"column":32},"end":{"line":55,"column":33}},"loc":{"start":{"line":38,"column":32},"end":{"line":55,"column":33}},"line":38},"37":{"name":"getIngredientsApi","decl":{"start":{"line":74,"column":33},"end":{"line":80,"column":7}},"loc":{"start":{"line":74,"column":33},"end":{"line":80,"column":7}},"line":74},"38":{"name":"getFeedsApi","decl":{"start":{"line":82,"column":27},"end":{"line":88,"column":7}},"loc":{"start":{"line":82,"column":27},"end":{"line":88,"column":7}},"line":82},"39":{"name":"getOrdersApi","decl":{"start":{"line":90,"column":28},"end":{"line":100,"column":5}},"loc":{"start":{"line":90,"column":28},"end":{"line":100,"column":5}},"line":90},"40":{"name":"orderBurgerApi","decl":{"start":{"line":107,"column":30},"end":{"line":120,"column":5}},"loc":{"start":{"line":107,"column":30},"end":{"line":120,"column":5}},"line":107},"41":{"name":"getOrderByNumberApi","decl":{"start":{"line":126,"column":35},"end":{"line":132,"column":55}},"loc":{"start":{"line":126,"column":35},"end":{"line":132,"column":55}},"line":126},"42":{"name":"registerUserApi","decl":{"start":{"line":146,"column":31},"end":{"line":158,"column":7}},"loc":{"start":{"line":146,"column":31},"end":{"line":158,"column":7}},"line":146},"43":{"name":"loginUserApi","decl":{"start":{"line":165,"column":28},"end":{"line":177,"column":7}},"loc":{"start":{"line":165,"column":28},"end":{"line":177,"column":7}},"line":165},"44":{"name":"forgotPasswordApi","decl":{"start":{"line":179,"column":33},"end":{"line":191,"column":7}},"loc":{"start":{"line":179,"column":33},"end":{"line":191,"column":7}},"line":179},"45":{"name":"resetPasswordApi","decl":{"start":{"line":193,"column":32},"end":{"line":205,"column":7}},"loc":{"start":{"line":193,"column":32},"end":{"line":205,"column":7}},"line":193},"46":{"name":"getUserApi","decl":{"start":{"line":209,"column":26},"end":{"line":214,"column":5}},"loc":{"start":{"line":209,"column":26},"end":{"line":214,"column":5}},"line":209},"47":{"name":"updateUserApi","decl":{"start":{"line":216,"column":29},"end":{"line":224,"column":5}},"loc":{"start":{"line":216,"column":29},"end":{"line":224,"column":5}},"line":216},"48":{"name":"logoutApi","decl":{"start":{"line":226,"column":25},"end":{"line":235,"column":60}},"loc":{"start":{"line":226,"column":25},"end":{"line":235,"column":60}},"line":226}},"f":{"0":4,"1":0,"2":0,"3":52,"4":0,"5":0,"6":0,"7":0,"8":0,"9":0,"10":8,"11":0,"12":0,"13":0,"14":0,"15":0,"16":0,"17":4,"18":0,"19":0,"20":4,"21":0,"22":0,"23":0,"24":0,"25":0,"26":0,"27":0,"28":0,"29":0,"30":0,"31":0,"32":0,"33":4,"34":0,"35":0,"36":0,"37":0,"38":0,"39":0,"40":0,"41":0,"42":0,"43":0,"44":0,"45":0,"46":0,"47":0,"48":0}}
,"C:\\Users\\Petr\\dev\\stellar-burgers\\src\\utils\\cookie.ts": {"path":"C:\\Users\\Petr\\dev\\stellar-burgers\\src\\utils\\cookie.ts","all":false,"statementMap":{"0":{"start":{"line":1,"column":0},"end":{"line":1,"column":61}},"1":{"start":{"line":2,"column":0},"end":{"line":2,"column":40}},"2":{"start":{"line":3,"column":0},"end":{"line":3,"column":15}},"3":{"start":{"line":4,"column":0},"end":{"line":4,"column":18}},"4":{"start":{"line":5,"column":0},"end":{"line":5,"column":53}},"5":{"start":{"line":6,"column":0},"end":{"line":6,"column":62}},"6":{"start":{"line":7,"column":0},"end":{"line":7,"column":18}},"7":{"start":{"line":8,"column":0},"end":{"line":8,"column":5}},"8":{"start":{"line":9,"column":0},"end":{"line":9,"column":4}},"9":{"start":{"line":10,"column":0},"end":{"line":10,"column":62}},"10":{"start":{"line":11,"column":0},"end":{"line":11,"column":1}},"11":{"start":{"line":12,"column":0},"end":{"line":12,"column":0}},"12":{"start":{"line":13,"column":0},"end":{"line":13,"column":26}},"13":{"start":{"line":14,"column":0},"end":{"line":14,"column":15}},"14":{"start":{"line":15,"column":0},"end":{"line":15,"column":16}},"15":{"start":{"line":16,"column":0},"end":{"line":16,"column":65}},"16":{"start":{"line":17,"column":0},"end":{"line":17,"column":3}},"17":{"start":{"line":18,"column":0},"end":{"line":18,"column":11}},"18":{"start":{"line":19,"column":0},"end":{"line":19,"column":14}},"19":{"start":{"line":20,"column":0},"end":{"line":20,"column":12}},"20":{"start":{"line":21,"column":0},"end":{"line":21,"column":4}},"21":{"start":{"line":22,"column":0},"end":{"line":22,"column":0}},"22":{"start":{"line":23,"column":0},"end":{"line":23,"column":26}},"23":{"start":{"line":24,"column":0},"end":{"line":24,"column":39}},"24":{"start":{"line":25,"column":0},"end":{"line":25,"column":25}},"25":{"start":{"line":26,"column":0},"end":{"line":26,"column":40}},"26":{"start":{"line":27,"column":0},"end":{"line":27,"column":28}},"27":{"start":{"line":28,"column":0},"end":{"line":28,"column":3}},"28":{"start":{"line":29,"column":0},"end":{"line":29,"column":0}},"29":{"start":{"line":30,"column":0},"end":{"line":30,"column":35}},"30":{"start":{"line":31,"column":0},"end":{"line":31,"column":38}},"31":{"start":{"line":32,"column":0},"end":{"line":32,"column":3}},"32":{"start":{"line":33,"column":0},"end":{"line":33,"column":36}},"33":{"start":{"line":34,"column":0},"end":{"line":34,"column":41}},"34":{"start":{"line":35,"column":0},"end":{"line":35,"column":33}},"35":{"start":{"line":36,"column":0},"end":{"line":36,"column":37}},"36":{"start":{"line":37,"column":0},"end":{"line":37,"column":38}},"37":{"start":{"line":38,"column":0},"end":{"line":38,"column":29}},"38":{"start":{"line":39,"column":0},"end":{"line":39,"column":39}},"39":{"start":{"line":40,"column":0},"end":{"line":40,"column":5}},"40":{"start":{"line":41,"column":0},"end":{"line":41,"column":3}},"41":{"start":{"line":42,"column":0},"end":{"line":42,"column":34}},"42":{"start":{"line":43,"column":0},"end":{"line":43,"column":1}},"43":{"start":{"line":44,"column":0},"end":{"line":44,"column":0}},"44":{"start":{"line":45,"column":0},"end":{"line":45,"column":44}},"45":{"start":{"line":46,"column":0},"end":{"line":46,"column":39}},"46":{"start":{"line":47,"column":0},"end":{"line":47,"column":1}}},"s":{"0":1,"1":0,"2":0,"3":0,"4":0,"5":0,"6":0,"7":0,"8":0,"9":0,"10":0,"11":1,"12":1,"13":0,"14":0,"15":0,"16":0,"17":0,"18":0,"19":0,"20":0,"21":0,"22":0,"23":0,"24":0,"25":0,"26":0,"27":0,"28":0,"29":0,"30":0,"31":0,"32":0,"33":0,"34":0,"35":0,"36":0,"37":0,"38":0,"39":0,"40":0,"41":0,"42":0,"43":1,"44":1,"45":0,"46":0},"branchMap":{},"b":{},"fnMap":{"0":{"name":"getCookie","decl":{"start":{"line":1,"column":7},"end":{"line":11,"column":1}},"loc":{"start":{"line":1,"column":7},"end":{"line":11,"column":1}},"line":1},"1":{"name":"setCookie","decl":{"start":{"line":13,"column":7},"end":{"line":43,"column":1}},"loc":{"start":{"line":13,"column":7},"end":{"line":43,"column":1}},"line":13},"2":{"name":"deleteCookie","decl":{"start":{"line":45,"column":7},"end":{"line":47,"column":1}},"loc":{"start":{"line":45,"column":7},"end":{"line":47,"column":1}},"line":45}},"f":{"0":0,"1":0,"2":0}}
}
